<?xml version="1.0" encoding="utf-8"?>
<CoverageSession xmlns:xsd="http://www.w3.org/2001/XMLSchema" xmlns:xsi="http://www.w3.org/2001/XMLSchema-instance">
  <Summary numSequencePoints="322" visitedSequencePoints="233" numBranchPoints="101" visitedBranchPoints="55" sequenceCoverage="72.36" branchCoverage="54.46" maxCyclomaticComplexity="25" minCyclomaticComplexity="0" visitedClasses="7" numClasses="10" visitedMethods="35" numMethods="43" />
  <Modules>
    <Module skippedDueTo="Filter" hash="82-C7-2A-15-1C-06-13-79-FF-83-19-64-B8-AE-79-5A-DB-37-59-23">
      <ModulePath>C:\WINDOWS\Microsoft.Net\assembly\GAC_64\mscorlib\v4.0_4.0.0.0__b77a5c561934e089\mscorlib.dll</ModulePath>
      <ModuleTime>2018-08-01T00:20:56.7807035Z</ModuleTime>
      <ModuleName>mscorlib</ModuleName>
      <Classes />
    </Module>
    <Module skippedDueTo="MissingPdb" hash="42-5D-0E-14-9A-00-93-21-57-8C-FC-8C-B0-3D-F9-C7-AF-CD-A3-02">
      <ModulePath>C:\Ajith\packages\NUnit.ConsoleRunner.3.9.0\tools\nunit3-console.exe</ModulePath>
      <ModuleTime>2018-09-05T14:48:28Z</ModuleTime>
      <ModuleName>nunit3-console</ModuleName>
      <Classes />
    </Module>
    <Module skippedDueTo="Filter" hash="08-DE-EA-E1-0B-80-32-F5-3F-FB-C0-A6-E1-61-D8-B3-5E-75-1A-C4">
      <ModulePath>C:\WINDOWS\Microsoft.Net\assembly\GAC_MSIL\System\v4.0_4.0.0.0__b77a5c561934e089\System.dll</ModulePath>
      <ModuleTime>2018-07-25T03:18:11.8724221Z</ModuleTime>
      <ModuleName>System</ModuleName>
      <Classes />
    </Module>
    <Module skippedDueTo="MissingPdb" hash="0A-47-64-32-4B-83-DF-99-42-5A-C7-DE-DA-21-E5-6C-A1-90-50-AC">
      <ModulePath>C:\Ajith\packages\NUnit.ConsoleRunner.3.9.0\tools\nunit.engine.api.dll</ModulePath>
      <ModuleTime>2018-09-05T14:48:28Z</ModuleTime>
      <ModuleName>nunit.engine.api</ModuleName>
      <Classes />
    </Module>
    <Module skippedDueTo="MissingPdb" hash="D5-00-67-52-C5-AF-05-06-2D-35-DF-4F-C4-22-51-88-35-4A-CD-00">
      <ModulePath>C:\Ajith\packages\NUnit.ConsoleRunner.3.9.0\tools\nunit.engine.dll</ModulePath>
      <ModuleTime>2018-09-05T14:48:28Z</ModuleTime>
      <ModuleName>nunit.engine</ModuleName>
      <Classes />
    </Module>
    <Module skippedDueTo="MissingPdb" hash="D5-00-67-52-C5-AF-05-06-2D-35-DF-4F-C4-22-51-88-35-4A-CD-00">
      <ModulePath>C:\Ajith\packages\NUnit.ConsoleRunner.3.9.0\tools\nunit.engine.dll</ModulePath>
      <ModuleTime>2018-09-05T14:48:28Z</ModuleTime>
      <ModuleName>nunit.engine</ModuleName>
      <Classes />
    </Module>
    <Module skippedDueTo="Filter" hash="F2-26-5B-FA-55-E9-5B-BC-DD-3A-32-56-2C-38-71-11-1A-8E-6D-32">
      <ModulePath>C:\WINDOWS\Microsoft.Net\assembly\GAC_MSIL\System.Xml\v4.0_4.0.0.0__b77a5c561934e089\System.Xml.dll</ModulePath>
      <ModuleTime>2018-04-11T23:35:17.0290261Z</ModuleTime>
      <ModuleName>System.Xml</ModuleName>
      <Classes />
    </Module>
    <Module skippedDueTo="Filter" hash="5D-11-B3-06-06-08-5F-E2-66-89-AE-C6-ED-96-26-D1-36-92-44-EF">
      <ModulePath>C:\WINDOWS\Microsoft.Net\assembly\GAC_64\System.Web\v4.0_4.0.0.0__b03f5f7f11d50a3a\System.Web.dll</ModulePath>
      <ModuleTime>2018-08-10T03:47:23.4148207Z</ModuleTime>
      <ModuleName>System.Web</ModuleName>
      <Classes />
    </Module>
    <Module skippedDueTo="MissingPdb" hash="7C-26-06-1C-0A-29-02-E5-32-A6-26-CA-D2-F5-06-AA-A1-3B-9C-8F">
      <ModulePath>C:\Ajith\packages\NUnit.ConsoleRunner.3.9.0\tools\Mono.Cecil.dll</ModulePath>
      <ModuleTime>2018-09-05T14:48:28Z</ModuleTime>
      <ModuleName>Mono.Cecil</ModuleName>
      <Classes />
    </Module>
    <Module skippedDueTo="Filter" hash="8A-A3-7C-51-36-22-C7-D2-9D-0E-92-82-67-4D-3C-F3-60-CF-41-6A">
      <ModulePath>C:\WINDOWS\Microsoft.Net\assembly\GAC_MSIL\System.Core\v4.0_4.0.0.0__b77a5c561934e089\System.Core.dll</ModulePath>
      <ModuleTime>2018-08-10T03:47:23.6023117Z</ModuleTime>
      <ModuleName>System.Core</ModuleName>
      <Classes />
    </Module>
    <Module skippedDueTo="Filter" hash="B5-2C-52-19-7F-DE-8E-1A-EE-7C-F3-4D-31-FC-77-A2-C4-49-EE-AB">
      <ModulePath>C:\WINDOWS\Microsoft.Net\assembly\GAC_MSIL\System.Runtime.Remoting\v4.0_4.0.0.0__b77a5c561934e089\System.Runtime.Remoting.dll</ModulePath>
      <ModuleTime>2018-04-11T23:35:17.0134Z</ModuleTime>
      <ModuleName>System.Runtime.Remoting</ModuleName>
      <Classes />
    </Module>
    <Module skippedDueTo="Filter" hash="2A-F4-1C-14-5D-7A-74-B3-03-8B-1D-2A-59-DC-B6-BE-1D-C8-EF-54">
      <ModulePath>C:\WINDOWS\Microsoft.Net\assembly\GAC_MSIL\System.Configuration\v4.0_4.0.0.0__b03f5f7f11d50a3a\System.Configuration.dll</ModulePath>
      <ModuleTime>2018-04-11T23:35:16.9508953Z</ModuleTime>
      <ModuleName>System.Configuration</ModuleName>
      <Classes />
    </Module>
    <Module skippedDueTo="Filter" hash="82-C7-2A-15-1C-06-13-79-FF-83-19-64-B8-AE-79-5A-DB-37-59-23">
      <ModulePath>C:\WINDOWS\Microsoft.Net\assembly\GAC_64\mscorlib\v4.0_4.0.0.0__b77a5c561934e089\mscorlib.dll</ModulePath>
      <ModuleTime>2018-08-01T00:20:56.7807035Z</ModuleTime>
      <ModuleName>mscorlib</ModuleName>
      <Classes />
    </Module>
    <Module skippedDueTo="MissingPdb" hash="D0-28-87-1E-9F-96-03-5C-DD-6C-EE-2A-08-04-43-0E-24-28-FE-11">
      <ModulePath>C:\Ajith\packages\NUnit.ConsoleRunner.3.9.0\tools\nunit-agent.exe</ModulePath>
      <ModuleTime>2018-09-05T14:48:28Z</ModuleTime>
      <ModuleName>nunit-agent</ModuleName>
      <Classes />
    </Module>
    <Module skippedDueTo="MissingPdb" hash="0A-47-64-32-4B-83-DF-99-42-5A-C7-DE-DA-21-E5-6C-A1-90-50-AC">
      <ModulePath>C:\Ajith\packages\NUnit.ConsoleRunner.3.9.0\tools\nunit.engine.api.dll</ModulePath>
      <ModuleTime>2018-09-05T14:48:28Z</ModuleTime>
      <ModuleName>nunit.engine.api</ModuleName>
      <Classes />
    </Module>
    <Module skippedDueTo="MissingPdb" hash="D5-00-67-52-C5-AF-05-06-2D-35-DF-4F-C4-22-51-88-35-4A-CD-00">
      <ModulePath>C:\Ajith\packages\NUnit.ConsoleRunner.3.9.0\tools\nunit.engine.dll</ModulePath>
      <ModuleTime>2018-09-05T14:48:28Z</ModuleTime>
      <ModuleName>nunit.engine</ModuleName>
      <Classes />
    </Module>
    <Module skippedDueTo="Filter" hash="08-DE-EA-E1-0B-80-32-F5-3F-FB-C0-A6-E1-61-D8-B3-5E-75-1A-C4">
      <ModulePath>C:\WINDOWS\Microsoft.Net\assembly\GAC_MSIL\System\v4.0_4.0.0.0__b77a5c561934e089\System.dll</ModulePath>
      <ModuleTime>2018-07-25T03:18:11.8724221Z</ModuleTime>
      <ModuleName>System</ModuleName>
      <Classes />
    </Module>
    <Module skippedDueTo="Filter" hash="F2-26-5B-FA-55-E9-5B-BC-DD-3A-32-56-2C-38-71-11-1A-8E-6D-32">
      <ModulePath>C:\WINDOWS\Microsoft.Net\assembly\GAC_MSIL\System.Xml\v4.0_4.0.0.0__b77a5c561934e089\System.Xml.dll</ModulePath>
      <ModuleTime>2018-04-11T23:35:17.0290261Z</ModuleTime>
      <ModuleName>System.Xml</ModuleName>
      <Classes />
    </Module>
    <Module skippedDueTo="Filter" hash="5D-11-B3-06-06-08-5F-E2-66-89-AE-C6-ED-96-26-D1-36-92-44-EF">
      <ModulePath>C:\WINDOWS\Microsoft.Net\assembly\GAC_64\System.Web\v4.0_4.0.0.0__b03f5f7f11d50a3a\System.Web.dll</ModulePath>
      <ModuleTime>2018-08-10T03:47:23.4148207Z</ModuleTime>
      <ModuleName>System.Web</ModuleName>
      <Classes />
    </Module>
    <Module skippedDueTo="MissingPdb" hash="7C-26-06-1C-0A-29-02-E5-32-A6-26-CA-D2-F5-06-AA-A1-3B-9C-8F">
      <ModulePath>C:\Ajith\packages\NUnit.ConsoleRunner.3.9.0\tools\Mono.Cecil.dll</ModulePath>
      <ModuleTime>2018-09-05T14:48:28Z</ModuleTime>
      <ModuleName>Mono.Cecil</ModuleName>
      <Classes />
    </Module>
    <Module skippedDueTo="Filter" hash="8A-A3-7C-51-36-22-C7-D2-9D-0E-92-82-67-4D-3C-F3-60-CF-41-6A">
      <ModulePath>C:\WINDOWS\Microsoft.Net\assembly\GAC_MSIL\System.Core\v4.0_4.0.0.0__b77a5c561934e089\System.Core.dll</ModulePath>
      <ModuleTime>2018-08-10T03:47:23.6023117Z</ModuleTime>
      <ModuleName>System.Core</ModuleName>
      <Classes />
    </Module>
    <Module skippedDueTo="Filter" hash="B5-2C-52-19-7F-DE-8E-1A-EE-7C-F3-4D-31-FC-77-A2-C4-49-EE-AB">
      <ModulePath>C:\WINDOWS\Microsoft.Net\assembly\GAC_MSIL\System.Runtime.Remoting\v4.0_4.0.0.0__b77a5c561934e089\System.Runtime.Remoting.dll</ModulePath>
      <ModuleTime>2018-04-11T23:35:17.0134Z</ModuleTime>
      <ModuleName>System.Runtime.Remoting</ModuleName>
      <Classes />
    </Module>
    <Module skippedDueTo="Filter" hash="2A-F4-1C-14-5D-7A-74-B3-03-8B-1D-2A-59-DC-B6-BE-1D-C8-EF-54">
      <ModulePath>C:\WINDOWS\Microsoft.Net\assembly\GAC_MSIL\System.Configuration\v4.0_4.0.0.0__b03f5f7f11d50a3a\System.Configuration.dll</ModulePath>
      <ModuleTime>2018-04-11T23:35:16.9508953Z</ModuleTime>
      <ModuleName>System.Configuration</ModuleName>
      <Classes />
    </Module>
    <Module hash="AF-00-89-8E-23-29-6C-3D-DA-76-42-D2-8F-D5-0D-78-C7-55-E7-F5">
      <Summary numSequencePoints="0" visitedSequencePoints="0" numBranchPoints="0" visitedBranchPoints="0" sequenceCoverage="0" branchCoverage="0" maxCyclomaticComplexity="0" minCyclomaticComplexity="0" visitedClasses="0" numClasses="0" visitedMethods="0" numMethods="0" />
      <ModulePath>C:\Ajith\ProjectManager.Test\bin\Debug\nunit.framework.dll</ModulePath>
      <ModuleTime>2018-03-12T17:28:16Z</ModuleTime>
      <ModuleName>nunit.framework</ModuleName>
      <Files />
      <Classes>
        <Class skippedDueTo="Filter">
          <FullName>&lt;Module&gt;</FullName>
          <Methods />
        </Class>
        <Class skippedDueTo="Filter">
          <FullName>NUnit.FrameworkPackageSettings</FullName>
          <Methods />
        </Class>
        <Class skippedDueTo="Filter">
          <FullName>NUnit.Compatibility.AttributeHelper</FullName>
          <Methods />
        </Class>
        <Class skippedDueTo="Filter">
          <FullName>NUnit.Compatibility.LongLivedMarshalByRefObject</FullName>
          <Methods />
        </Class>
        <Class skippedDueTo="Filter">
          <FullName>NUnit.Compatibility.MemberInfoExtensions</FullName>
          <Methods />
        </Class>
        <Class skippedDueTo="Filter">
          <FullName>NUnit.Compatibility.AdditionalTypeExtensions</FullName>
          <Methods />
        </Class>
        <Class skippedDueTo="Filter">
          <FullName>NUnit.Compatibility.AdditionalTypeExtensions/&lt;&gt;c__DisplayClass2_0</FullName>
          <Methods />
        </Class>
        <Class skippedDueTo="Filter">
          <FullName>NUnit.Compatibility.NUnitNullType</FullName>
          <Methods />
        </Class>
        <Class skippedDueTo="Filter">
          <FullName>NUnit.Framework.Assert</FullName>
          <Methods />
        </Class>
        <Class skippedDueTo="Filter">
          <FullName>NUnit.Framework.TestDelegate</FullName>
          <Methods />
        </Class>
        <Class skippedDueTo="Filter">
          <FullName>NUnit.Framework.AsyncTestDelegate</FullName>
          <Methods />
        </Class>
        <Class skippedDueTo="Filter">
          <FullName>NUnit.Framework.AssertionHelper</FullName>
          <Methods />
        </Class>
        <Class skippedDueTo="Filter">
          <FullName>NUnit.Framework.Assume</FullName>
          <Methods />
        </Class>
        <Class skippedDueTo="Filter">
          <FullName>NUnit.Framework.ApartmentAttribute</FullName>
          <Methods />
        </Class>
        <Class skippedDueTo="Filter">
          <FullName>NUnit.Framework.AuthorAttribute</FullName>
          <Methods />
        </Class>
        <Class skippedDueTo="Filter">
          <FullName>NUnit.Framework.CategoryAttribute</FullName>
          <Methods />
        </Class>
        <Class skippedDueTo="Filter">
          <FullName>NUnit.Framework.CombinatorialAttribute</FullName>
          <Methods />
        </Class>
        <Class skippedDueTo="Filter">
          <FullName>NUnit.Framework.CombiningStrategyAttribute</FullName>
          <Methods />
        </Class>
        <Class skippedDueTo="Filter">
          <FullName>NUnit.Framework.CultureAttribute</FullName>
          <Methods />
        </Class>
        <Class skippedDueTo="Filter">
          <FullName>NUnit.Framework.DataAttribute</FullName>
          <Methods />
        </Class>
        <Class skippedDueTo="Filter">
          <FullName>NUnit.Framework.DatapointAttribute</FullName>
          <Methods />
        </Class>
        <Class skippedDueTo="Filter">
          <FullName>NUnit.Framework.DatapointsAttribute</FullName>
          <Methods />
        </Class>
        <Class skippedDueTo="Filter">
          <FullName>NUnit.Framework.DatapointSourceAttribute</FullName>
          <Methods />
        </Class>
        <Class skippedDueTo="Filter">
          <FullName>NUnit.Framework.DefaultFloatingPointToleranceAttribute</FullName>
          <Methods />
        </Class>
        <Class skippedDueTo="Filter">
          <FullName>NUnit.Framework.DescriptionAttribute</FullName>
          <Methods />
        </Class>
        <Class skippedDueTo="Filter">
          <FullName>NUnit.Framework.ExplicitAttribute</FullName>
          <Methods />
        </Class>
        <Class skippedDueTo="Filter">
          <FullName>NUnit.Framework.IgnoreAttribute</FullName>
          <Methods />
        </Class>
        <Class skippedDueTo="Filter">
          <FullName>NUnit.Framework.IncludeExcludeAttribute</FullName>
          <Methods />
        </Class>
        <Class skippedDueTo="Filter">
          <FullName>NUnit.Framework.LevelOfParallelismAttribute</FullName>
          <Methods />
        </Class>
        <Class skippedDueTo="Filter">
          <FullName>NUnit.Framework.MaxTimeAttribute</FullName>
          <Methods />
        </Class>
        <Class skippedDueTo="Filter">
          <FullName>NUnit.Framework.NonParallelizableAttribute</FullName>
          <Methods />
        </Class>
        <Class skippedDueTo="Filter">
          <FullName>NUnit.Framework.NonTestAssemblyAttribute</FullName>
          <Methods />
        </Class>
        <Class skippedDueTo="Filter">
          <FullName>NUnit.Framework.NUnitAttribute</FullName>
          <Methods />
        </Class>
        <Class skippedDueTo="Filter">
          <FullName>NUnit.Framework.OneTimeSetUpAttribute</FullName>
          <Methods />
        </Class>
        <Class skippedDueTo="Filter">
          <FullName>NUnit.Framework.OneTimeTearDownAttribute</FullName>
          <Methods />
        </Class>
        <Class skippedDueTo="Filter">
          <FullName>NUnit.Framework.OrderAttribute</FullName>
          <Methods />
        </Class>
        <Class skippedDueTo="Filter">
          <FullName>NUnit.Framework.PairwiseAttribute</FullName>
          <Methods />
        </Class>
        <Class skippedDueTo="Filter">
          <FullName>NUnit.Framework.ParallelizableAttribute</FullName>
          <Methods />
        </Class>
        <Class skippedDueTo="Filter">
          <FullName>NUnit.Framework.PlatformAttribute</FullName>
          <Methods />
        </Class>
        <Class skippedDueTo="Filter">
          <FullName>NUnit.Framework.PropertyAttribute</FullName>
          <Methods />
        </Class>
        <Class skippedDueTo="Filter">
          <FullName>NUnit.Framework.RandomAttribute</FullName>
          <Methods />
        </Class>
        <Class skippedDueTo="Filter">
          <FullName>NUnit.Framework.RandomAttribute/RandomDataSource</FullName>
          <Methods />
        </Class>
        <Class skippedDueTo="Filter">
          <FullName>NUnit.Framework.RandomAttribute/RandomDataSource`1</FullName>
          <Methods />
        </Class>
        <Class skippedDueTo="Filter">
          <FullName>NUnit.Framework.RandomAttribute/RandomDataSource`1/&lt;GetData&gt;d__8</FullName>
          <Methods />
        </Class>
        <Class skippedDueTo="Filter">
          <FullName>NUnit.Framework.RandomAttribute/RandomDataConverter</FullName>
          <Methods />
        </Class>
        <Class skippedDueTo="Filter">
          <FullName>NUnit.Framework.RandomAttribute/RandomDataConverter/&lt;GetData&gt;d__2</FullName>
          <Methods />
        </Class>
        <Class skippedDueTo="Filter">
          <FullName>NUnit.Framework.RandomAttribute/IntDataSource</FullName>
          <Methods />
        </Class>
        <Class skippedDueTo="Filter">
          <FullName>NUnit.Framework.RandomAttribute/UIntDataSource</FullName>
          <Methods />
        </Class>
        <Class skippedDueTo="Filter">
          <FullName>NUnit.Framework.RandomAttribute/LongDataSource</FullName>
          <Methods />
        </Class>
        <Class skippedDueTo="Filter">
          <FullName>NUnit.Framework.RandomAttribute/ULongDataSource</FullName>
          <Methods />
        </Class>
        <Class skippedDueTo="Filter">
          <FullName>NUnit.Framework.RandomAttribute/ShortDataSource</FullName>
          <Methods />
        </Class>
        <Class skippedDueTo="Filter">
          <FullName>NUnit.Framework.RandomAttribute/UShortDataSource</FullName>
          <Methods />
        </Class>
        <Class skippedDueTo="Filter">
          <FullName>NUnit.Framework.RandomAttribute/DoubleDataSource</FullName>
          <Methods />
        </Class>
        <Class skippedDueTo="Filter">
          <FullName>NUnit.Framework.RandomAttribute/FloatDataSource</FullName>
          <Methods />
        </Class>
        <Class skippedDueTo="Filter">
          <FullName>NUnit.Framework.RandomAttribute/ByteDataSource</FullName>
          <Methods />
        </Class>
        <Class skippedDueTo="Filter">
          <FullName>NUnit.Framework.RandomAttribute/SByteDataSource</FullName>
          <Methods />
        </Class>
        <Class skippedDueTo="Filter">
          <FullName>NUnit.Framework.RandomAttribute/EnumDataSource</FullName>
          <Methods />
        </Class>
        <Class skippedDueTo="Filter">
          <FullName>NUnit.Framework.RandomAttribute/EnumDataSource/&lt;GetData&gt;d__3</FullName>
          <Methods />
        </Class>
        <Class skippedDueTo="Filter">
          <FullName>NUnit.Framework.RandomAttribute/DecimalDataSource</FullName>
          <Methods />
        </Class>
        <Class skippedDueTo="Filter">
          <FullName>NUnit.Framework.RangeAttribute</FullName>
          <Methods />
        </Class>
        <Class skippedDueTo="Filter">
          <FullName>NUnit.Framework.RepeatAttribute</FullName>
          <Methods />
        </Class>
        <Class skippedDueTo="Filter">
          <FullName>NUnit.Framework.RepeatAttribute/RepeatedTestCommand</FullName>
          <Methods />
        </Class>
        <Class skippedDueTo="Filter">
          <FullName>NUnit.Framework.RequiresThreadAttribute</FullName>
          <Methods />
        </Class>
        <Class skippedDueTo="Filter">
          <FullName>NUnit.Framework.RetryAttribute</FullName>
          <Methods />
        </Class>
        <Class skippedDueTo="Filter">
          <FullName>NUnit.Framework.RetryAttribute/RetryCommand</FullName>
          <Methods />
        </Class>
        <Class skippedDueTo="Filter">
          <FullName>NUnit.Framework.SequentialAttribute</FullName>
          <Methods />
        </Class>
        <Class skippedDueTo="Filter">
          <FullName>NUnit.Framework.SetCultureAttribute</FullName>
          <Methods />
        </Class>
        <Class skippedDueTo="Filter">
          <FullName>NUnit.Framework.SetUICultureAttribute</FullName>
          <Methods />
        </Class>
        <Class skippedDueTo="Filter">
          <FullName>NUnit.Framework.SetUpAttribute</FullName>
          <Methods />
        </Class>
        <Class skippedDueTo="Filter">
          <FullName>NUnit.Framework.SetUpFixtureAttribute</FullName>
          <Methods />
        </Class>
        <Class skippedDueTo="Filter">
          <FullName>NUnit.Framework.SingleThreadedAttribute</FullName>
          <Methods />
        </Class>
        <Class skippedDueTo="Filter">
          <FullName>NUnit.Framework.TearDownAttribute</FullName>
          <Methods />
        </Class>
        <Class skippedDueTo="Filter">
          <FullName>NUnit.Framework.TestActionAttribute</FullName>
          <Methods />
        </Class>
        <Class skippedDueTo="Filter">
          <FullName>NUnit.Framework.TestAssemblyDirectoryResolveAttribute</FullName>
          <Methods />
        </Class>
        <Class skippedDueTo="Filter">
          <FullName>NUnit.Framework.TestAttribute</FullName>
          <Methods />
        </Class>
        <Class skippedDueTo="Filter">
          <FullName>NUnit.Framework.TestCaseAttribute</FullName>
          <Methods />
        </Class>
        <Class skippedDueTo="Filter">
          <FullName>NUnit.Framework.TestCaseAttribute/&lt;BuildFrom&gt;d__64</FullName>
          <Methods />
        </Class>
        <Class skippedDueTo="Filter">
          <FullName>NUnit.Framework.TestCaseSourceAttribute</FullName>
          <Methods />
        </Class>
        <Class skippedDueTo="Filter">
          <FullName>NUnit.Framework.TestCaseSourceAttribute/&lt;BuildFrom&gt;d__22</FullName>
          <Methods />
        </Class>
        <Class skippedDueTo="Filter">
          <FullName>NUnit.Framework.TestFixtureAttribute</FullName>
          <Methods />
        </Class>
        <Class skippedDueTo="Filter">
          <FullName>NUnit.Framework.TestFixtureAttribute/&lt;BuildFrom&gt;d__48</FullName>
          <Methods />
        </Class>
        <Class skippedDueTo="Filter">
          <FullName>NUnit.Framework.TestFixtureSourceAttribute</FullName>
          <Methods />
        </Class>
        <Class skippedDueTo="Filter">
          <FullName>NUnit.Framework.TestFixtureSourceAttribute/&lt;BuildFrom&gt;d__17</FullName>
          <Methods />
        </Class>
        <Class skippedDueTo="Filter">
          <FullName>NUnit.Framework.TestOfAttribute</FullName>
          <Methods />
        </Class>
        <Class skippedDueTo="Filter">
          <FullName>NUnit.Framework.TheoryAttribute</FullName>
          <Methods />
        </Class>
        <Class skippedDueTo="Filter">
          <FullName>NUnit.Framework.TimeoutAttribute</FullName>
          <Methods />
        </Class>
        <Class skippedDueTo="Filter">
          <FullName>NUnit.Framework.ValuesAttribute</FullName>
          <Methods />
        </Class>
        <Class skippedDueTo="Filter">
          <FullName>NUnit.Framework.ValueSourceAttribute</FullName>
          <Methods />
        </Class>
        <Class skippedDueTo="Filter">
          <FullName>NUnit.Framework.CollectionAssert</FullName>
          <Methods />
        </Class>
        <Class skippedDueTo="Filter">
          <FullName>NUnit.Framework.Contains</FullName>
          <Methods />
        </Class>
        <Class skippedDueTo="Filter">
          <FullName>NUnit.Framework.DirectoryAssert</FullName>
          <Methods />
        </Class>
        <Class skippedDueTo="Filter">
          <FullName>NUnit.Framework.Does</FullName>
          <Methods />
        </Class>
        <Class skippedDueTo="Filter">
          <FullName>NUnit.Framework.AssertionException</FullName>
          <Methods />
        </Class>
        <Class skippedDueTo="Filter">
          <FullName>NUnit.Framework.IgnoreException</FullName>
          <Methods />
        </Class>
        <Class skippedDueTo="Filter">
          <FullName>NUnit.Framework.InconclusiveException</FullName>
          <Methods />
        </Class>
        <Class skippedDueTo="Filter">
          <FullName>NUnit.Framework.MultipleAssertException</FullName>
          <Methods />
        </Class>
        <Class skippedDueTo="Filter">
          <FullName>NUnit.Framework.ResultStateException</FullName>
          <Methods />
        </Class>
        <Class skippedDueTo="Filter">
          <FullName>NUnit.Framework.SuccessException</FullName>
          <Methods />
        </Class>
        <Class skippedDueTo="Filter">
          <FullName>NUnit.Framework.FileAssert</FullName>
          <Methods />
        </Class>
        <Class skippedDueTo="Filter">
          <FullName>NUnit.Framework.Guard</FullName>
          <Methods />
        </Class>
        <Class skippedDueTo="Filter">
          <FullName>NUnit.Framework.Has</FullName>
          <Methods />
        </Class>
        <Class skippedDueTo="Filter">
          <FullName>NUnit.Framework.Is</FullName>
          <Methods />
        </Class>
        <Class skippedDueTo="Filter">
          <FullName>NUnit.Framework.Iz</FullName>
          <Methods />
        </Class>
        <Class skippedDueTo="Filter">
          <FullName>NUnit.Framework.List</FullName>
          <Methods />
        </Class>
        <Class skippedDueTo="Filter">
          <FullName>NUnit.Framework.ListMapper</FullName>
          <Methods />
        </Class>
        <Class skippedDueTo="Filter">
          <FullName>NUnit.Framework.StringAssert</FullName>
          <Methods />
        </Class>
        <Class skippedDueTo="Filter">
          <FullName>NUnit.Framework.TestCaseData</FullName>
          <Methods />
        </Class>
        <Class skippedDueTo="Filter">
          <FullName>NUnit.Framework.TestContext</FullName>
          <Methods />
        </Class>
        <Class skippedDueTo="Filter">
          <FullName>NUnit.Framework.TestContext/TestAdapter</FullName>
          <Methods />
        </Class>
        <Class skippedDueTo="Filter">
          <FullName>NUnit.Framework.TestContext/ResultAdapter</FullName>
          <Methods />
        </Class>
        <Class skippedDueTo="Filter">
          <FullName>NUnit.Framework.TestContext/PropertyBagAdapter</FullName>
          <Methods />
        </Class>
        <Class skippedDueTo="Filter">
          <FullName>NUnit.Framework.TestContext/&lt;&gt;c__DisplayClass63_0`1</FullName>
          <Methods />
        </Class>
        <Class skippedDueTo="Filter">
          <FullName>NUnit.Framework.TestContext/&lt;&gt;c__DisplayClass63_1`1</FullName>
          <Methods />
        </Class>
        <Class skippedDueTo="Filter">
          <FullName>NUnit.Framework.TestFixtureData</FullName>
          <Methods />
        </Class>
        <Class skippedDueTo="Filter">
          <FullName>NUnit.Framework.TestParameters</FullName>
          <Methods />
        </Class>
        <Class skippedDueTo="Filter">
          <FullName>NUnit.Framework.Throws</FullName>
          <Methods />
        </Class>
        <Class skippedDueTo="Filter">
          <FullName>NUnit.Framework.Warn</FullName>
          <Methods />
        </Class>
        <Class skippedDueTo="Filter">
          <FullName>NUnit.Framework.Internal.AssemblyHelper</FullName>
          <Methods />
        </Class>
        <Class skippedDueTo="Filter">
          <FullName>NUnit.Framework.Internal.AsyncInvocationRegion</FullName>
          <Methods />
        </Class>
        <Class skippedDueTo="Filter">
          <FullName>NUnit.Framework.Internal.AsyncInvocationRegion/AsyncTaskInvocationRegion</FullName>
          <Methods />
        </Class>
        <Class skippedDueTo="Filter">
          <FullName>NUnit.Framework.Internal.AsyncInvocationRegion/&lt;&gt;c</FullName>
          <Methods />
        </Class>
        <Class skippedDueTo="Filter">
          <FullName>NUnit.Framework.Internal.ConstraintUtils</FullName>
          <Methods />
        </Class>
        <Class skippedDueTo="Filter">
          <FullName>NUnit.Framework.Internal.CultureDetector</FullName>
          <Methods />
        </Class>
        <Class skippedDueTo="Filter">
          <FullName>NUnit.Framework.Internal.ExceptionHelper</FullName>
          <Methods />
        </Class>
        <Class skippedDueTo="Filter">
          <FullName>NUnit.Framework.Internal.TextMessageWriter</FullName>
          <Methods />
        </Class>
        <Class skippedDueTo="Filter">
          <FullName>NUnit.Framework.Internal.GenericMethodHelper</FullName>
          <Methods />
        </Class>
        <Class skippedDueTo="Filter">
          <FullName>NUnit.Framework.Internal.InvalidDataSourceException</FullName>
          <Methods />
        </Class>
        <Class skippedDueTo="Filter">
          <FullName>NUnit.Framework.Internal.InvalidPlatformException</FullName>
          <Methods />
        </Class>
        <Class skippedDueTo="Filter">
          <FullName>NUnit.Framework.Internal.InvalidTestFixtureException</FullName>
          <Methods />
        </Class>
        <Class skippedDueTo="Filter">
          <FullName>NUnit.Framework.Internal.InternalTrace</FullName>
          <Methods />
        </Class>
        <Class skippedDueTo="Filter">
          <FullName>NUnit.Framework.Internal.InternalTraceWriter</FullName>
          <Methods />
        </Class>
        <Class skippedDueTo="Filter">
          <FullName>NUnit.Framework.Internal.Logger</FullName>
          <Methods />
        </Class>
        <Class skippedDueTo="Filter">
          <FullName>NUnit.Framework.Internal.MethodWrapper</FullName>
          <Methods />
        </Class>
        <Class skippedDueTo="Filter">
          <FullName>NUnit.Framework.Internal.NUnitException</FullName>
          <Methods />
        </Class>
        <Class skippedDueTo="Filter">
          <FullName>NUnit.Framework.Internal.OSPlatform</FullName>
          <Methods />
        </Class>
        <Class skippedDueTo="Filter">
          <FullName>NUnit.Framework.Internal.OSPlatform/&lt;&gt;c</FullName>
          <Methods />
        </Class>
        <Class skippedDueTo="Filter">
          <FullName>NUnit.Framework.Internal.ParamAttributeTypeConversions</FullName>
          <Methods />
        </Class>
        <Class skippedDueTo="Filter">
          <FullName>NUnit.Framework.Internal.ParameterWrapper</FullName>
          <Methods />
        </Class>
        <Class skippedDueTo="Filter">
          <FullName>NUnit.Framework.Internal.PlatformHelper</FullName>
          <Methods />
        </Class>
        <Class skippedDueTo="Filter">
          <FullName>NUnit.Framework.Internal.PropertyBag</FullName>
          <Methods />
        </Class>
        <Class skippedDueTo="Filter">
          <FullName>NUnit.Framework.Internal.PropertyNames</FullName>
          <Methods />
        </Class>
        <Class skippedDueTo="Filter">
          <FullName>NUnit.Framework.Internal.Randomizer</FullName>
          <Methods />
        </Class>
        <Class skippedDueTo="Filter">
          <FullName>NUnit.Framework.Internal.Reflect</FullName>
          <Methods />
        </Class>
        <Class skippedDueTo="Filter">
          <FullName>NUnit.Framework.Internal.Reflect/BaseTypesFirstComparer</FullName>
          <Methods />
        </Class>
        <Class skippedDueTo="Filter">
          <FullName>NUnit.Framework.Internal.TestCaseResult</FullName>
          <Methods />
        </Class>
        <Class skippedDueTo="Filter">
          <FullName>NUnit.Framework.Internal.TestResult</FullName>
          <Methods />
        </Class>
        <Class skippedDueTo="Filter">
          <FullName>NUnit.Framework.Internal.TestResult/&lt;&gt;c</FullName>
          <Methods />
        </Class>
        <Class skippedDueTo="Filter">
          <FullName>NUnit.Framework.Internal.TestSuiteResult</FullName>
          <Methods />
        </Class>
        <Class skippedDueTo="Filter">
          <FullName>NUnit.Framework.Internal.RuntimeFramework</FullName>
          <Methods />
        </Class>
        <Class skippedDueTo="Filter">
          <FullName>NUnit.Framework.Internal.RuntimeFramework/&lt;&gt;c__DisplayClass29_0</FullName>
          <Methods />
        </Class>
        <Class skippedDueTo="Filter">
          <FullName>NUnit.Framework.Internal.RuntimeFramework/&lt;&gt;c</FullName>
          <Methods />
        </Class>
        <Class skippedDueTo="Filter">
          <FullName>NUnit.Framework.Internal.StackFilter</FullName>
          <Methods />
        </Class>
        <Class skippedDueTo="Filter">
          <FullName>NUnit.Framework.Internal.StringUtil</FullName>
          <Methods />
        </Class>
        <Class skippedDueTo="Filter">
          <FullName>NUnit.Framework.Internal.TestCaseParameters</FullName>
          <Methods />
        </Class>
        <Class skippedDueTo="Filter">
          <FullName>NUnit.Framework.Internal.TestCaseTimeoutException</FullName>
          <Methods />
        </Class>
        <Class skippedDueTo="Filter">
          <FullName>NUnit.Framework.Internal.TestExecutionContext</FullName>
          <Methods />
        </Class>
        <Class skippedDueTo="Filter">
          <FullName>NUnit.Framework.Internal.TestExecutionContext/IsolatedContext</FullName>
          <Methods />
        </Class>
        <Class skippedDueTo="Filter">
          <FullName>NUnit.Framework.Internal.TestExecutionContext/AdhocContext</FullName>
          <Methods />
        </Class>
        <Class skippedDueTo="Filter">
          <FullName>NUnit.Framework.Internal.TestExecutionContext/&lt;&gt;c</FullName>
          <Methods />
        </Class>
        <Class skippedDueTo="Filter">
          <FullName>NUnit.Framework.Internal.TestFilter</FullName>
          <Methods />
        </Class>
        <Class skippedDueTo="Filter">
          <FullName>NUnit.Framework.Internal.TestFilter/EmptyFilter</FullName>
          <Methods />
        </Class>
        <Class skippedDueTo="Filter">
          <FullName>NUnit.Framework.Internal.TestFixtureParameters</FullName>
          <Methods />
        </Class>
        <Class skippedDueTo="Filter">
          <FullName>NUnit.Framework.Internal.TestListener</FullName>
          <Methods />
        </Class>
        <Class skippedDueTo="Filter">
          <FullName>NUnit.Framework.Internal.TestNameGenerator</FullName>
          <Methods />
        </Class>
        <Class skippedDueTo="Filter">
          <FullName>NUnit.Framework.Internal.TestNameGenerator/NameFragment</FullName>
          <Methods />
        </Class>
        <Class skippedDueTo="Filter">
          <FullName>NUnit.Framework.Internal.TestNameGenerator/TestIDFragment</FullName>
          <Methods />
        </Class>
        <Class skippedDueTo="Filter">
          <FullName>NUnit.Framework.Internal.TestNameGenerator/FixedTextFragment</FullName>
          <Methods />
        </Class>
        <Class skippedDueTo="Filter">
          <FullName>NUnit.Framework.Internal.TestNameGenerator/MethodNameFragment</FullName>
          <Methods />
        </Class>
        <Class skippedDueTo="Filter">
          <FullName>NUnit.Framework.Internal.TestNameGenerator/NamespaceFragment</FullName>
          <Methods />
        </Class>
        <Class skippedDueTo="Filter">
          <FullName>NUnit.Framework.Internal.TestNameGenerator/MethodFullNameFragment</FullName>
          <Methods />
        </Class>
        <Class skippedDueTo="Filter">
          <FullName>NUnit.Framework.Internal.TestNameGenerator/ClassNameFragment</FullName>
          <Methods />
        </Class>
        <Class skippedDueTo="Filter">
          <FullName>NUnit.Framework.Internal.TestNameGenerator/ClassFullNameFragment</FullName>
          <Methods />
        </Class>
        <Class skippedDueTo="Filter">
          <FullName>NUnit.Framework.Internal.TestNameGenerator/ArgListFragment</FullName>
          <Methods />
        </Class>
        <Class skippedDueTo="Filter">
          <FullName>NUnit.Framework.Internal.TestNameGenerator/ArgumentFragment</FullName>
          <Methods />
        </Class>
        <Class skippedDueTo="Filter">
          <FullName>NUnit.Framework.Internal.TestParameters</FullName>
          <Methods />
        </Class>
        <Class skippedDueTo="Filter">
          <FullName>NUnit.Framework.Internal.TestProgressReporter</FullName>
          <Methods />
        </Class>
        <Class skippedDueTo="Filter">
          <FullName>NUnit.Framework.Internal.ParameterizedFixtureSuite</FullName>
          <Methods />
        </Class>
        <Class skippedDueTo="Filter">
          <FullName>NUnit.Framework.Internal.ParameterizedMethodSuite</FullName>
          <Methods />
        </Class>
        <Class skippedDueTo="Filter">
          <FullName>NUnit.Framework.Internal.SetUpFixture</FullName>
          <Methods />
        </Class>
        <Class skippedDueTo="Filter">
          <FullName>NUnit.Framework.Internal.Test</FullName>
          <Methods />
        </Class>
        <Class skippedDueTo="Filter">
          <FullName>NUnit.Framework.Internal.TestAssembly</FullName>
          <Methods />
        </Class>
        <Class skippedDueTo="Filter">
          <FullName>NUnit.Framework.Internal.TestFixture</FullName>
          <Methods />
        </Class>
        <Class skippedDueTo="Filter">
          <FullName>NUnit.Framework.Internal.TestMethod</FullName>
          <Methods />
        </Class>
        <Class skippedDueTo="Filter">
          <FullName>NUnit.Framework.Internal.TestSuite</FullName>
          <Methods />
        </Class>
        <Class skippedDueTo="Filter">
          <FullName>NUnit.Framework.Internal.ThreadUtility</FullName>
          <Methods />
        </Class>
        <Class skippedDueTo="Filter">
          <FullName>NUnit.Framework.Internal.ThreadUtility/DelayClosure</FullName>
          <Methods />
        </Class>
        <Class skippedDueTo="Filter">
          <FullName>NUnit.Framework.Internal.ThreadUtility/CheckOnAbortingThreadState</FullName>
          <Methods />
        </Class>
        <Class skippedDueTo="Filter">
          <FullName>NUnit.Framework.Internal.TypeHelper</FullName>
          <Methods />
        </Class>
        <Class skippedDueTo="Filter">
          <FullName>NUnit.Framework.Internal.TypeHelper/NonmatchingTypeClass</FullName>
          <Methods />
        </Class>
        <Class skippedDueTo="Filter">
          <FullName>NUnit.Framework.Internal.TypeNameDifferenceResolver</FullName>
          <Methods />
        </Class>
        <Class skippedDueTo="Filter">
          <FullName>NUnit.Framework.Internal.TypeNameDifferenceResolver/&lt;&gt;c__DisplayClass3_0</FullName>
          <Methods />
        </Class>
        <Class skippedDueTo="Filter">
          <FullName>NUnit.Framework.Internal.TypeWrapper</FullName>
          <Methods />
        </Class>
        <Class skippedDueTo="Filter">
          <FullName>NUnit.Framework.Internal.TypeWrapper/&lt;&gt;c__DisplayClass36_0</FullName>
          <Methods />
        </Class>
        <Class skippedDueTo="Filter">
          <FullName>NUnit.Framework.Internal.Filters.AndFilter</FullName>
          <Methods />
        </Class>
        <Class skippedDueTo="Filter">
          <FullName>NUnit.Framework.Internal.Filters.CategoryFilter</FullName>
          <Methods />
        </Class>
        <Class skippedDueTo="Filter">
          <FullName>NUnit.Framework.Internal.Filters.ClassNameFilter</FullName>
          <Methods />
        </Class>
        <Class skippedDueTo="Filter">
          <FullName>NUnit.Framework.Internal.Filters.CompositeFilter</FullName>
          <Methods />
        </Class>
        <Class skippedDueTo="Filter">
          <FullName>NUnit.Framework.Internal.Filters.FullNameFilter</FullName>
          <Methods />
        </Class>
        <Class skippedDueTo="Filter">
          <FullName>NUnit.Framework.Internal.Filters.IdFilter</FullName>
          <Methods />
        </Class>
        <Class skippedDueTo="Filter">
          <FullName>NUnit.Framework.Internal.Filters.MethodNameFilter</FullName>
          <Methods />
        </Class>
        <Class skippedDueTo="Filter">
          <FullName>NUnit.Framework.Internal.Filters.NamespaceFilter</FullName>
          <Methods />
        </Class>
        <Class skippedDueTo="Filter">
          <FullName>NUnit.Framework.Internal.Filters.NotFilter</FullName>
          <Methods />
        </Class>
        <Class skippedDueTo="Filter">
          <FullName>NUnit.Framework.Internal.Filters.OrFilter</FullName>
          <Methods />
        </Class>
        <Class skippedDueTo="Filter">
          <FullName>NUnit.Framework.Internal.Filters.PropertyFilter</FullName>
          <Methods />
        </Class>
        <Class skippedDueTo="Filter">
          <FullName>NUnit.Framework.Internal.Filters.TestNameFilter</FullName>
          <Methods />
        </Class>
        <Class skippedDueTo="Filter">
          <FullName>NUnit.Framework.Internal.Filters.ValueMatchFilter</FullName>
          <Methods />
        </Class>
        <Class skippedDueTo="Filter">
          <FullName>NUnit.Framework.Internal.Execution.CompositeWorkItem</FullName>
          <Methods />
        </Class>
        <Class skippedDueTo="Filter">
          <FullName>NUnit.Framework.Internal.Execution.CompositeWorkItem/OneTimeTearDownWorkItem</FullName>
          <Methods />
        </Class>
        <Class skippedDueTo="Filter">
          <FullName>NUnit.Framework.Internal.Execution.EventListenerTextWriter</FullName>
          <Methods />
        </Class>
        <Class skippedDueTo="Filter">
          <FullName>NUnit.Framework.Internal.Execution.EventPump</FullName>
          <Methods />
        </Class>
        <Class skippedDueTo="Filter">
          <FullName>NUnit.Framework.Internal.Execution.Event</FullName>
          <Methods />
        </Class>
        <Class skippedDueTo="Filter">
          <FullName>NUnit.Framework.Internal.Execution.TestStartedEvent</FullName>
          <Methods />
        </Class>
        <Class skippedDueTo="Filter">
          <FullName>NUnit.Framework.Internal.Execution.TestFinishedEvent</FullName>
          <Methods />
        </Class>
        <Class skippedDueTo="Filter">
          <FullName>NUnit.Framework.Internal.Execution.TestOutputEvent</FullName>
          <Methods />
        </Class>
        <Class skippedDueTo="Filter">
          <FullName>NUnit.Framework.Internal.Execution.EventQueue</FullName>
          <Methods />
        </Class>
        <Class skippedDueTo="Filter">
          <FullName>NUnit.Framework.Internal.Execution.MainThreadWorkItemDispatcher</FullName>
          <Methods />
        </Class>
        <Class skippedDueTo="Filter">
          <FullName>NUnit.Framework.Internal.Execution.ParallelWorkItemDispatcher</FullName>
          <Methods />
        </Class>
        <Class skippedDueTo="Filter">
          <FullName>NUnit.Framework.Internal.Execution.ParallelWorkItemDispatcher/&lt;get_Shifts&gt;d__16</FullName>
          <Methods />
        </Class>
        <Class skippedDueTo="Filter">
          <FullName>NUnit.Framework.Internal.Execution.ParallelWorkItemDispatcher/&lt;get_Queues&gt;d__18</FullName>
          <Methods />
        </Class>
        <Class skippedDueTo="Filter">
          <FullName>NUnit.Framework.Internal.Execution.QueuingEventListener</FullName>
          <Methods />
        </Class>
        <Class skippedDueTo="Filter">
          <FullName>NUnit.Framework.Internal.Execution.SimpleWorkItem</FullName>
          <Methods />
        </Class>
        <Class skippedDueTo="Filter">
          <FullName>NUnit.Framework.Internal.Execution.SimpleWorkItemDispatcher</FullName>
          <Methods />
        </Class>
        <Class skippedDueTo="Filter">
          <FullName>NUnit.Framework.Internal.Execution.TestWorker</FullName>
          <Methods />
        </Class>
        <Class skippedDueTo="Filter">
          <FullName>NUnit.Framework.Internal.Execution.TestWorker/TestWorkerEventHandler</FullName>
          <Methods />
        </Class>
        <Class skippedDueTo="Filter">
          <FullName>NUnit.Framework.Internal.Execution.TextCapture</FullName>
          <Methods />
        </Class>
        <Class skippedDueTo="Filter">
          <FullName>NUnit.Framework.Internal.Execution.WorkItem</FullName>
          <Methods />
        </Class>
        <Class skippedDueTo="Filter">
          <FullName>NUnit.Framework.Internal.Execution.WorkItemBuilder</FullName>
          <Methods />
        </Class>
        <Class skippedDueTo="Filter">
          <FullName>NUnit.Framework.Internal.Execution.WorkItemBuilder/WorkItemOrderComparer</FullName>
          <Methods />
        </Class>
        <Class skippedDueTo="Filter">
          <FullName>NUnit.Framework.Internal.Execution.WorkItemQueue</FullName>
          <Methods />
        </Class>
        <Class skippedDueTo="Filter">
          <FullName>NUnit.Framework.Internal.Execution.WorkItemQueue/SavedState</FullName>
          <Methods />
        </Class>
        <Class skippedDueTo="Filter">
          <FullName>NUnit.Framework.Internal.Execution.ShiftChangeEventHandler</FullName>
          <Methods />
        </Class>
        <Class skippedDueTo="Filter">
          <FullName>NUnit.Framework.Internal.Execution.WorkShift</FullName>
          <Methods />
        </Class>
        <Class skippedDueTo="Filter">
          <FullName>NUnit.Framework.Internal.Commands.AfterTestActionCommand</FullName>
          <Methods />
        </Class>
        <Class skippedDueTo="Filter">
          <FullName>NUnit.Framework.Internal.Commands.AfterTestActionCommand/&lt;&gt;c__DisplayClass0_0</FullName>
          <Methods />
        </Class>
        <Class skippedDueTo="Filter">
          <FullName>NUnit.Framework.Internal.Commands.AfterTestCommand</FullName>
          <Methods />
        </Class>
        <Class skippedDueTo="Filter">
          <FullName>NUnit.Framework.Internal.Commands.ApplyChangesToContextCommand</FullName>
          <Methods />
        </Class>
        <Class skippedDueTo="Filter">
          <FullName>NUnit.Framework.Internal.Commands.ApplyChangesToContextCommand/&lt;&gt;c__DisplayClass0_0</FullName>
          <Methods />
        </Class>
        <Class skippedDueTo="Filter">
          <FullName>NUnit.Framework.Internal.Commands.BeforeAndAfterTestCommand</FullName>
          <Methods />
        </Class>
        <Class skippedDueTo="Filter">
          <FullName>NUnit.Framework.Internal.Commands.BeforeTestActionCommand</FullName>
          <Methods />
        </Class>
        <Class skippedDueTo="Filter">
          <FullName>NUnit.Framework.Internal.Commands.BeforeTestActionCommand/&lt;&gt;c__DisplayClass0_0</FullName>
          <Methods />
        </Class>
        <Class skippedDueTo="Filter">
          <FullName>NUnit.Framework.Internal.Commands.BeforeTestCommand</FullName>
          <Methods />
        </Class>
        <Class skippedDueTo="Filter">
          <FullName>NUnit.Framework.Internal.Commands.ConstructFixtureCommand</FullName>
          <Methods />
        </Class>
        <Class skippedDueTo="Filter">
          <FullName>NUnit.Framework.Internal.Commands.DelegatingTestCommand</FullName>
          <Methods />
        </Class>
        <Class skippedDueTo="Filter">
          <FullName>NUnit.Framework.Internal.Commands.DisposeFixtureCommand</FullName>
          <Methods />
        </Class>
        <Class skippedDueTo="Filter">
          <FullName>NUnit.Framework.Internal.Commands.DisposeFixtureCommand/&lt;&gt;c</FullName>
          <Methods />
        </Class>
        <Class skippedDueTo="Filter">
          <FullName>NUnit.Framework.Internal.Commands.EmptyTestCommand</FullName>
          <Methods />
        </Class>
        <Class skippedDueTo="Filter">
          <FullName>NUnit.Framework.Internal.Commands.MaxTimeCommand</FullName>
          <Methods />
        </Class>
        <Class skippedDueTo="Filter">
          <FullName>NUnit.Framework.Internal.Commands.MaxTimeCommand/&lt;&gt;c__DisplayClass0_0</FullName>
          <Methods />
        </Class>
        <Class skippedDueTo="Filter">
          <FullName>NUnit.Framework.Internal.Commands.OneTimeSetUpCommand</FullName>
          <Methods />
        </Class>
        <Class skippedDueTo="Filter">
          <FullName>NUnit.Framework.Internal.Commands.OneTimeSetUpCommand/&lt;&gt;c__DisplayClass0_0</FullName>
          <Methods />
        </Class>
        <Class skippedDueTo="Filter">
          <FullName>NUnit.Framework.Internal.Commands.OneTimeTearDownCommand</FullName>
          <Methods />
        </Class>
        <Class skippedDueTo="Filter">
          <FullName>NUnit.Framework.Internal.Commands.OneTimeTearDownCommand/&lt;&gt;c__DisplayClass0_0</FullName>
          <Methods />
        </Class>
        <Class skippedDueTo="Filter">
          <FullName>NUnit.Framework.Internal.Commands.SetUpTearDownCommand</FullName>
          <Methods />
        </Class>
        <Class skippedDueTo="Filter">
          <FullName>NUnit.Framework.Internal.Commands.SetUpTearDownCommand/&lt;&gt;c__DisplayClass0_0</FullName>
          <Methods />
        </Class>
        <Class skippedDueTo="Filter">
          <FullName>NUnit.Framework.Internal.Commands.SetUpTearDownItem</FullName>
          <Methods />
        </Class>
        <Class skippedDueTo="Filter">
          <FullName>NUnit.Framework.Internal.Commands.SkipCommand</FullName>
          <Methods />
        </Class>
        <Class skippedDueTo="Filter">
          <FullName>NUnit.Framework.Internal.Commands.TestActionCommand</FullName>
          <Methods />
        </Class>
        <Class skippedDueTo="Filter">
          <FullName>NUnit.Framework.Internal.Commands.TestActionCommand/&lt;&gt;c__DisplayClass0_0</FullName>
          <Methods />
        </Class>
        <Class skippedDueTo="Filter">
          <FullName>NUnit.Framework.Internal.Commands.TestActionItem</FullName>
          <Methods />
        </Class>
        <Class skippedDueTo="Filter">
          <FullName>NUnit.Framework.Internal.Commands.TestCommand</FullName>
          <Methods />
        </Class>
        <Class skippedDueTo="Filter">
          <FullName>NUnit.Framework.Internal.Commands.TestMethodCommand</FullName>
          <Methods />
        </Class>
        <Class skippedDueTo="Filter">
          <FullName>NUnit.Framework.Internal.Commands.TheoryResultCommand</FullName>
          <Methods />
        </Class>
        <Class skippedDueTo="Filter">
          <FullName>NUnit.Framework.Internal.Commands.TheoryResultCommand/&lt;&gt;c</FullName>
          <Methods />
        </Class>
        <Class skippedDueTo="Filter">
          <FullName>NUnit.Framework.Internal.Commands.TimeoutCommand</FullName>
          <Methods />
        </Class>
        <Class skippedDueTo="Filter">
          <FullName>NUnit.Framework.Internal.Commands.TimeoutCommand/&lt;&gt;c__DisplayClass2_0</FullName>
          <Methods />
        </Class>
        <Class skippedDueTo="Filter">
          <FullName>NUnit.Framework.Internal.Commands.TimeoutCommand/&lt;&gt;c__DisplayClass2_1</FullName>
          <Methods />
        </Class>
        <Class skippedDueTo="Filter">
          <FullName>NUnit.Framework.Internal.Builders.CombinatorialStrategy</FullName>
          <Methods />
        </Class>
        <Class skippedDueTo="Filter">
          <FullName>NUnit.Framework.Internal.Builders.DatapointProvider</FullName>
          <Methods />
        </Class>
        <Class skippedDueTo="Filter">
          <FullName>NUnit.Framework.Internal.Builders.DefaultSuiteBuilder</FullName>
          <Methods />
        </Class>
        <Class skippedDueTo="Filter">
          <FullName>NUnit.Framework.Internal.Builders.DefaultTestCaseBuilder</FullName>
          <Methods />
        </Class>
        <Class skippedDueTo="Filter">
          <FullName>NUnit.Framework.Internal.Builders.NamespaceTreeBuilder</FullName>
          <Methods />
        </Class>
        <Class skippedDueTo="Filter">
          <FullName>NUnit.Framework.Internal.Builders.NUnitTestCaseBuilder</FullName>
          <Methods />
        </Class>
        <Class skippedDueTo="Filter">
          <FullName>NUnit.Framework.Internal.Builders.NUnitTestFixtureBuilder</FullName>
          <Methods />
        </Class>
        <Class skippedDueTo="Filter">
          <FullName>NUnit.Framework.Internal.Builders.PairwiseStrategy</FullName>
          <Methods />
        </Class>
        <Class skippedDueTo="Filter">
          <FullName>NUnit.Framework.Internal.Builders.PairwiseStrategy/FleaRand</FullName>
          <Methods />
        </Class>
        <Class skippedDueTo="Filter">
          <FullName>NUnit.Framework.Internal.Builders.PairwiseStrategy/FeatureInfo</FullName>
          <Methods />
        </Class>
        <Class skippedDueTo="Filter">
          <FullName>NUnit.Framework.Internal.Builders.PairwiseStrategy/FeatureTuple</FullName>
          <Methods />
        </Class>
        <Class skippedDueTo="Filter">
          <FullName>NUnit.Framework.Internal.Builders.PairwiseStrategy/TestCaseInfo</FullName>
          <Methods />
        </Class>
        <Class skippedDueTo="Filter">
          <FullName>NUnit.Framework.Internal.Builders.PairwiseStrategy/PairwiseTestCaseGenerator</FullName>
          <Methods />
        </Class>
        <Class skippedDueTo="Filter">
          <FullName>NUnit.Framework.Internal.Builders.ParameterDataProvider</FullName>
          <Methods />
        </Class>
        <Class skippedDueTo="Filter">
          <FullName>NUnit.Framework.Internal.Builders.ParameterDataProvider/&lt;GetDataFor&gt;d__3</FullName>
          <Methods />
        </Class>
        <Class skippedDueTo="Filter">
          <FullName>NUnit.Framework.Internal.Builders.ParameterDataSourceProvider</FullName>
          <Methods />
        </Class>
        <Class skippedDueTo="Filter">
          <FullName>NUnit.Framework.Internal.Builders.ProviderCache</FullName>
          <Methods />
        </Class>
        <Class skippedDueTo="Filter">
          <FullName>NUnit.Framework.Internal.Builders.ProviderCache/CacheEntry</FullName>
          <Methods />
        </Class>
        <Class skippedDueTo="Filter">
          <FullName>NUnit.Framework.Internal.Builders.SequentialStrategy</FullName>
          <Methods />
        </Class>
        <Class skippedDueTo="Filter">
          <FullName>NUnit.Framework.Interfaces.AssertionResult</FullName>
          <Methods />
        </Class>
        <Class skippedDueTo="Filter">
          <FullName>NUnit.Framework.Interfaces.ResultState</FullName>
          <Methods />
        </Class>
        <Class skippedDueTo="Filter">
          <FullName>NUnit.Framework.Interfaces.TestAttachment</FullName>
          <Methods />
        </Class>
        <Class skippedDueTo="Filter">
          <FullName>NUnit.Framework.Interfaces.TestOutput</FullName>
          <Methods />
        </Class>
        <Class skippedDueTo="Filter">
          <FullName>NUnit.Framework.Interfaces.TNode</FullName>
          <Methods />
        </Class>
        <Class skippedDueTo="Filter">
          <FullName>NUnit.Framework.Interfaces.TNode/NodeFilter</FullName>
          <Methods />
        </Class>
        <Class skippedDueTo="Filter">
          <FullName>NUnit.Framework.Interfaces.TNode/&lt;&gt;c</FullName>
          <Methods />
        </Class>
        <Class skippedDueTo="Filter">
          <FullName>NUnit.Framework.Interfaces.NodeList</FullName>
          <Methods />
        </Class>
        <Class skippedDueTo="Filter">
          <FullName>NUnit.Framework.Interfaces.AttributeDictionary</FullName>
          <Methods />
        </Class>
        <Class skippedDueTo="Filter">
          <FullName>NUnit.Framework.Constraints.AllItemsConstraint</FullName>
          <Methods />
        </Class>
        <Class skippedDueTo="Filter">
          <FullName>NUnit.Framework.Constraints.AndConstraint</FullName>
          <Methods />
        </Class>
        <Class skippedDueTo="Filter">
          <FullName>NUnit.Framework.Constraints.AndConstraint/AndConstraintResult</FullName>
          <Methods />
        </Class>
        <Class skippedDueTo="Filter">
          <FullName>NUnit.Framework.Constraints.AnyOfConstraint</FullName>
          <Methods />
        </Class>
        <Class skippedDueTo="Filter">
          <FullName>NUnit.Framework.Constraints.AssignableFromConstraint</FullName>
          <Methods />
        </Class>
        <Class skippedDueTo="Filter">
          <FullName>NUnit.Framework.Constraints.AssignableToConstraint</FullName>
          <Methods />
        </Class>
        <Class skippedDueTo="Filter">
          <FullName>NUnit.Framework.Constraints.AttributeConstraint</FullName>
          <Methods />
        </Class>
        <Class skippedDueTo="Filter">
          <FullName>NUnit.Framework.Constraints.AttributeExistsConstraint</FullName>
          <Methods />
        </Class>
        <Class skippedDueTo="Filter">
          <FullName>NUnit.Framework.Constraints.BinaryConstraint</FullName>
          <Methods />
        </Class>
        <Class skippedDueTo="Filter">
          <FullName>NUnit.Framework.Constraints.BinarySerializableConstraint</FullName>
          <Methods />
        </Class>
        <Class skippedDueTo="Filter">
          <FullName>NUnit.Framework.Constraints.CollectionConstraint</FullName>
          <Methods />
        </Class>
        <Class skippedDueTo="Filter">
          <FullName>NUnit.Framework.Constraints.CollectionContainsConstraint</FullName>
          <Methods />
        </Class>
        <Class skippedDueTo="Filter">
          <FullName>NUnit.Framework.Constraints.CollectionContainsConstraint/&lt;&gt;c__DisplayClass10_0`2</FullName>
          <Methods />
        </Class>
        <Class skippedDueTo="Filter">
          <FullName>NUnit.Framework.Constraints.CollectionEquivalentConstraint</FullName>
          <Methods />
        </Class>
        <Class skippedDueTo="Filter">
          <FullName>NUnit.Framework.Constraints.CollectionEquivalentConstraintResult</FullName>
          <Methods />
        </Class>
        <Class skippedDueTo="Filter">
          <FullName>NUnit.Framework.Constraints.CollectionItemsEqualConstraint</FullName>
          <Methods />
        </Class>
        <Class skippedDueTo="Filter">
          <FullName>NUnit.Framework.Constraints.CollectionOrderedConstraint</FullName>
          <Methods />
        </Class>
        <Class skippedDueTo="Filter">
          <FullName>NUnit.Framework.Constraints.CollectionOrderedConstraint/OrderingStep</FullName>
          <Methods />
        </Class>
        <Class skippedDueTo="Filter">
          <FullName>NUnit.Framework.Constraints.CollectionSubsetConstraint</FullName>
          <Methods />
        </Class>
        <Class skippedDueTo="Filter">
          <FullName>NUnit.Framework.Constraints.CollectionSupersetConstraint</FullName>
          <Methods />
        </Class>
        <Class skippedDueTo="Filter">
          <FullName>NUnit.Framework.Constraints.CollectionSupersetConstraint/&lt;&gt;c__DisplayClass7_0`2</FullName>
          <Methods />
        </Class>
        <Class skippedDueTo="Filter">
          <FullName>NUnit.Framework.Constraints.CollectionTally</FullName>
          <Methods />
        </Class>
        <Class skippedDueTo="Filter">
          <FullName>NUnit.Framework.Constraints.CollectionTally/CollectionTallyResult</FullName>
          <Methods />
        </Class>
        <Class skippedDueTo="Filter">
          <FullName>NUnit.Framework.Constraints.ComparisonAdapter</FullName>
          <Methods />
        </Class>
        <Class skippedDueTo="Filter">
          <FullName>NUnit.Framework.Constraints.ComparisonAdapter/DefaultComparisonAdapter</FullName>
          <Methods />
        </Class>
        <Class skippedDueTo="Filter">
          <FullName>NUnit.Framework.Constraints.ComparisonAdapter/ComparerAdapter</FullName>
          <Methods />
        </Class>
        <Class skippedDueTo="Filter">
          <FullName>NUnit.Framework.Constraints.ComparisonAdapter/ComparerAdapter`1</FullName>
          <Methods />
        </Class>
        <Class skippedDueTo="Filter">
          <FullName>NUnit.Framework.Constraints.ComparisonAdapter/ComparisonAdapterForComparison`1</FullName>
          <Methods />
        </Class>
        <Class skippedDueTo="Filter">
          <FullName>NUnit.Framework.Constraints.ComparisonConstraint</FullName>
          <Methods />
        </Class>
        <Class skippedDueTo="Filter">
          <FullName>NUnit.Framework.Constraints.ActualValueDelegate`1</FullName>
          <Methods />
        </Class>
        <Class skippedDueTo="Filter">
          <FullName>NUnit.Framework.Constraints.Constraint</FullName>
          <Methods />
        </Class>
        <Class skippedDueTo="Filter">
          <FullName>NUnit.Framework.Constraints.ConstraintBuilder</FullName>
          <Methods />
        </Class>
        <Class skippedDueTo="Filter">
          <FullName>NUnit.Framework.Constraints.ConstraintBuilder/OperatorStack</FullName>
          <Methods />
        </Class>
        <Class skippedDueTo="Filter">
          <FullName>NUnit.Framework.Constraints.ConstraintBuilder/ConstraintStack</FullName>
          <Methods />
        </Class>
        <Class skippedDueTo="Filter">
          <FullName>NUnit.Framework.Constraints.ConstraintExpression</FullName>
          <Methods />
        </Class>
        <Class skippedDueTo="Filter">
          <FullName>NUnit.Framework.Constraints.ConstraintResult</FullName>
          <Methods />
        </Class>
        <Class skippedDueTo="Filter">
          <FullName>NUnit.Framework.Constraints.ContainsConstraint</FullName>
          <Methods />
        </Class>
        <Class skippedDueTo="Filter">
          <FullName>NUnit.Framework.Constraints.DelayedConstraint</FullName>
          <Methods />
        </Class>
        <Class skippedDueTo="Filter">
          <FullName>NUnit.Framework.Constraints.DelayedConstraint/WithRawDelayInterval</FullName>
          <Methods />
        </Class>
        <Class skippedDueTo="Filter">
          <FullName>NUnit.Framework.Constraints.DelayedConstraint/WithDimensionedDelayInterval</FullName>
          <Methods />
        </Class>
        <Class skippedDueTo="Filter">
          <FullName>NUnit.Framework.Constraints.DelayedConstraint/WithRawPollingInterval</FullName>
          <Methods />
        </Class>
        <Class skippedDueTo="Filter">
          <FullName>NUnit.Framework.Constraints.DictionaryContainsKeyConstraint</FullName>
          <Methods />
        </Class>
        <Class skippedDueTo="Filter">
          <FullName>NUnit.Framework.Constraints.DictionaryContainsKeyConstraint/&lt;&gt;c__DisplayClass10_0`2</FullName>
          <Methods />
        </Class>
        <Class skippedDueTo="Filter">
          <FullName>NUnit.Framework.Constraints.DictionaryContainsValueConstraint</FullName>
          <Methods />
        </Class>
        <Class skippedDueTo="Filter">
          <FullName>NUnit.Framework.Constraints.DictionaryContainsValueConstraint/&lt;&gt;c__DisplayClass10_0`2</FullName>
          <Methods />
        </Class>
        <Class skippedDueTo="Filter">
          <FullName>NUnit.Framework.Constraints.EmptyCollectionConstraint</FullName>
          <Methods />
        </Class>
        <Class skippedDueTo="Filter">
          <FullName>NUnit.Framework.Constraints.EmptyConstraint</FullName>
          <Methods />
        </Class>
        <Class skippedDueTo="Filter">
          <FullName>NUnit.Framework.Constraints.EmptyDirectoryConstraint</FullName>
          <Methods />
        </Class>
        <Class skippedDueTo="Filter">
          <FullName>NUnit.Framework.Constraints.EmptyStringConstraint</FullName>
          <Methods />
        </Class>
        <Class skippedDueTo="Filter">
          <FullName>NUnit.Framework.Constraints.EndsWithConstraint</FullName>
          <Methods />
        </Class>
        <Class skippedDueTo="Filter">
          <FullName>NUnit.Framework.Constraints.EqualConstraint</FullName>
          <Methods />
        </Class>
        <Class skippedDueTo="Filter">
          <FullName>NUnit.Framework.Constraints.EqualConstraintResult</FullName>
          <Methods />
        </Class>
        <Class skippedDueTo="Filter">
          <FullName>NUnit.Framework.Constraints.EqualityAdapter</FullName>
          <Methods />
        </Class>
        <Class skippedDueTo="Filter">
          <FullName>NUnit.Framework.Constraints.EqualityAdapter/ComparerAdapter</FullName>
          <Methods />
        </Class>
        <Class skippedDueTo="Filter">
          <FullName>NUnit.Framework.Constraints.EqualityAdapter/EqualityComparerAdapter</FullName>
          <Methods />
        </Class>
        <Class skippedDueTo="Filter">
          <FullName>NUnit.Framework.Constraints.EqualityAdapter/PredicateEqualityAdapter`2</FullName>
          <Methods />
        </Class>
        <Class skippedDueTo="Filter">
          <FullName>NUnit.Framework.Constraints.EqualityAdapter/GenericEqualityAdapter`1</FullName>
          <Methods />
        </Class>
        <Class skippedDueTo="Filter">
          <FullName>NUnit.Framework.Constraints.EqualityAdapter/EqualityComparerAdapter`1</FullName>
          <Methods />
        </Class>
        <Class skippedDueTo="Filter">
          <FullName>NUnit.Framework.Constraints.EqualityAdapter/ComparerAdapter`1</FullName>
          <Methods />
        </Class>
        <Class skippedDueTo="Filter">
          <FullName>NUnit.Framework.Constraints.EqualityAdapter/ComparisonAdapter`1</FullName>
          <Methods />
        </Class>
        <Class skippedDueTo="Filter">
          <FullName>NUnit.Framework.Constraints.ExactCountConstraint</FullName>
          <Methods />
        </Class>
        <Class skippedDueTo="Filter">
          <FullName>NUnit.Framework.Constraints.ExactTypeConstraint</FullName>
          <Methods />
        </Class>
        <Class skippedDueTo="Filter">
          <FullName>NUnit.Framework.Constraints.ExceptionNotThrownConstraint</FullName>
          <Methods />
        </Class>
        <Class skippedDueTo="Filter">
          <FullName>NUnit.Framework.Constraints.ExceptionTypeConstraint</FullName>
          <Methods />
        </Class>
        <Class skippedDueTo="Filter">
          <FullName>NUnit.Framework.Constraints.ExceptionTypeConstraint/ExceptionTypeConstraintResult</FullName>
          <Methods />
        </Class>
        <Class skippedDueTo="Filter">
          <FullName>NUnit.Framework.Constraints.FalseConstraint</FullName>
          <Methods />
        </Class>
        <Class skippedDueTo="Filter">
          <FullName>NUnit.Framework.Constraints.FileExistsConstraint</FullName>
          <Methods />
        </Class>
        <Class skippedDueTo="Filter">
          <FullName>NUnit.Framework.Constraints.FileOrDirectoryExistsConstraint</FullName>
          <Methods />
        </Class>
        <Class skippedDueTo="Filter">
          <FullName>NUnit.Framework.Constraints.FloatingPointNumerics</FullName>
          <Methods />
        </Class>
        <Class skippedDueTo="Filter">
          <FullName>NUnit.Framework.Constraints.GreaterThanConstraint</FullName>
          <Methods />
        </Class>
        <Class skippedDueTo="Filter">
          <FullName>NUnit.Framework.Constraints.GreaterThanOrEqualConstraint</FullName>
          <Methods />
        </Class>
        <Class skippedDueTo="Filter">
          <FullName>NUnit.Framework.Constraints.InstanceOfTypeConstraint</FullName>
          <Methods />
        </Class>
        <Class skippedDueTo="Filter">
          <FullName>NUnit.Framework.Constraints.Interval</FullName>
          <Methods />
        </Class>
        <Class skippedDueTo="Filter">
          <FullName>NUnit.Framework.Constraints.ItemsConstraintExpression</FullName>
          <Methods />
        </Class>
        <Class skippedDueTo="Filter">
          <FullName>NUnit.Framework.Constraints.LessThanConstraint</FullName>
          <Methods />
        </Class>
        <Class skippedDueTo="Filter">
          <FullName>NUnit.Framework.Constraints.LessThanOrEqualConstraint</FullName>
          <Methods />
        </Class>
        <Class skippedDueTo="Filter">
          <FullName>NUnit.Framework.Constraints.MessageWriter</FullName>
          <Methods />
        </Class>
        <Class skippedDueTo="Filter">
          <FullName>NUnit.Framework.Constraints.ValueFormatter</FullName>
          <Methods />
        </Class>
        <Class skippedDueTo="Filter">
          <FullName>NUnit.Framework.Constraints.ValueFormatterFactory</FullName>
          <Methods />
        </Class>
        <Class skippedDueTo="Filter">
          <FullName>NUnit.Framework.Constraints.MsgUtils</FullName>
          <Methods />
        </Class>
        <Class skippedDueTo="Filter">
          <FullName>NUnit.Framework.Constraints.MsgUtils/&lt;&gt;c__DisplayClass14_0</FullName>
          <Methods />
        </Class>
        <Class skippedDueTo="Filter">
          <FullName>NUnit.Framework.Constraints.MsgUtils/&lt;&gt;c__DisplayClass14_1</FullName>
          <Methods />
        </Class>
        <Class skippedDueTo="Filter">
          <FullName>NUnit.Framework.Constraints.MsgUtils/&lt;&gt;c__DisplayClass14_2</FullName>
          <Methods />
        </Class>
        <Class skippedDueTo="Filter">
          <FullName>NUnit.Framework.Constraints.MsgUtils/&lt;&gt;c__DisplayClass14_3</FullName>
          <Methods />
        </Class>
        <Class skippedDueTo="Filter">
          <FullName>NUnit.Framework.Constraints.MsgUtils/&lt;&gt;c__DisplayClass14_4</FullName>
          <Methods />
        </Class>
        <Class skippedDueTo="Filter">
          <FullName>NUnit.Framework.Constraints.MsgUtils/&lt;&gt;c__DisplayClass14_5</FullName>
          <Methods />
        </Class>
        <Class skippedDueTo="Filter">
          <FullName>NUnit.Framework.Constraints.MsgUtils/&lt;&gt;c__DisplayClass14_6</FullName>
          <Methods />
        </Class>
        <Class skippedDueTo="Filter">
          <FullName>NUnit.Framework.Constraints.MsgUtils/&lt;&gt;c__DisplayClass14_7</FullName>
          <Methods />
        </Class>
        <Class skippedDueTo="Filter">
          <FullName>NUnit.Framework.Constraints.MsgUtils/&lt;&gt;c__DisplayClass14_8</FullName>
          <Methods />
        </Class>
        <Class skippedDueTo="Filter">
          <FullName>NUnit.Framework.Constraints.MsgUtils/&lt;&gt;c__DisplayClass14_9</FullName>
          <Methods />
        </Class>
        <Class skippedDueTo="Filter">
          <FullName>NUnit.Framework.Constraints.MsgUtils/&lt;&gt;c__DisplayClass14_10</FullName>
          <Methods />
        </Class>
        <Class skippedDueTo="Filter">
          <FullName>NUnit.Framework.Constraints.MsgUtils/&lt;&gt;c__DisplayClass14_11</FullName>
          <Methods />
        </Class>
        <Class skippedDueTo="Filter">
          <FullName>NUnit.Framework.Constraints.MsgUtils/&lt;&gt;c__DisplayClass14_12</FullName>
          <Methods />
        </Class>
        <Class skippedDueTo="Filter">
          <FullName>NUnit.Framework.Constraints.MsgUtils/&lt;&gt;c</FullName>
          <Methods />
        </Class>
        <Class skippedDueTo="Filter">
          <FullName>NUnit.Framework.Constraints.NaNConstraint</FullName>
          <Methods />
        </Class>
        <Class skippedDueTo="Filter">
          <FullName>NUnit.Framework.Constraints.NoItemConstraint</FullName>
          <Methods />
        </Class>
        <Class skippedDueTo="Filter">
          <FullName>NUnit.Framework.Constraints.NotConstraint</FullName>
          <Methods />
        </Class>
        <Class skippedDueTo="Filter">
          <FullName>NUnit.Framework.Constraints.NullConstraint</FullName>
          <Methods />
        </Class>
        <Class skippedDueTo="Filter">
          <FullName>NUnit.Framework.Constraints.Numerics</FullName>
          <Methods />
        </Class>
        <Class skippedDueTo="Filter">
          <FullName>NUnit.Framework.Constraints.NUnitComparer</FullName>
          <Methods />
        </Class>
        <Class skippedDueTo="Filter">
          <FullName>NUnit.Framework.Constraints.NUnitEqualityComparer</FullName>
          <Methods />
        </Class>
        <Class skippedDueTo="Filter">
          <FullName>NUnit.Framework.Constraints.NUnitEqualityComparer/FailurePoint</FullName>
          <Methods />
        </Class>
        <Class skippedDueTo="Filter">
          <FullName>NUnit.Framework.Constraints.AllOperator</FullName>
          <Methods />
        </Class>
        <Class skippedDueTo="Filter">
          <FullName>NUnit.Framework.Constraints.AndOperator</FullName>
          <Methods />
        </Class>
        <Class skippedDueTo="Filter">
          <FullName>NUnit.Framework.Constraints.AttributeOperator</FullName>
          <Methods />
        </Class>
        <Class skippedDueTo="Filter">
          <FullName>NUnit.Framework.Constraints.BinaryOperator</FullName>
          <Methods />
        </Class>
        <Class skippedDueTo="Filter">
          <FullName>NUnit.Framework.Constraints.CollectionOperator</FullName>
          <Methods />
        </Class>
        <Class skippedDueTo="Filter">
          <FullName>NUnit.Framework.Constraints.ConstraintOperator</FullName>
          <Methods />
        </Class>
        <Class skippedDueTo="Filter">
          <FullName>NUnit.Framework.Constraints.ExactCountOperator</FullName>
          <Methods />
        </Class>
        <Class skippedDueTo="Filter">
          <FullName>NUnit.Framework.Constraints.NoneOperator</FullName>
          <Methods />
        </Class>
        <Class skippedDueTo="Filter">
          <FullName>NUnit.Framework.Constraints.NotOperator</FullName>
          <Methods />
        </Class>
        <Class skippedDueTo="Filter">
          <FullName>NUnit.Framework.Constraints.OrOperator</FullName>
          <Methods />
        </Class>
        <Class skippedDueTo="Filter">
          <FullName>NUnit.Framework.Constraints.PrefixOperator</FullName>
          <Methods />
        </Class>
        <Class skippedDueTo="Filter">
          <FullName>NUnit.Framework.Constraints.PropOperator</FullName>
          <Methods />
        </Class>
        <Class skippedDueTo="Filter">
          <FullName>NUnit.Framework.Constraints.SelfResolvingOperator</FullName>
          <Methods />
        </Class>
        <Class skippedDueTo="Filter">
          <FullName>NUnit.Framework.Constraints.SomeOperator</FullName>
          <Methods />
        </Class>
        <Class skippedDueTo="Filter">
          <FullName>NUnit.Framework.Constraints.ThrowsOperator</FullName>
          <Methods />
        </Class>
        <Class skippedDueTo="Filter">
          <FullName>NUnit.Framework.Constraints.WithOperator</FullName>
          <Methods />
        </Class>
        <Class skippedDueTo="Filter">
          <FullName>NUnit.Framework.Constraints.OrConstraint</FullName>
          <Methods />
        </Class>
        <Class skippedDueTo="Filter">
          <FullName>NUnit.Framework.Constraints.PathConstraint</FullName>
          <Methods />
        </Class>
        <Class skippedDueTo="Filter">
          <FullName>NUnit.Framework.Constraints.PredicateConstraint`1</FullName>
          <Methods />
        </Class>
        <Class skippedDueTo="Filter">
          <FullName>NUnit.Framework.Constraints.PrefixConstraint</FullName>
          <Methods />
        </Class>
        <Class skippedDueTo="Filter">
          <FullName>NUnit.Framework.Constraints.PropertyConstraint</FullName>
          <Methods />
        </Class>
        <Class skippedDueTo="Filter">
          <FullName>NUnit.Framework.Constraints.PropertyExistsConstraint</FullName>
          <Methods />
        </Class>
        <Class skippedDueTo="Filter">
          <FullName>NUnit.Framework.Constraints.RangeConstraint</FullName>
          <Methods />
        </Class>
        <Class skippedDueTo="Filter">
          <FullName>NUnit.Framework.Constraints.RegexConstraint</FullName>
          <Methods />
        </Class>
        <Class skippedDueTo="Filter">
          <FullName>NUnit.Framework.Constraints.ResolvableConstraintExpression</FullName>
          <Methods />
        </Class>
        <Class skippedDueTo="Filter">
          <FullName>NUnit.Framework.Constraints.ReusableConstraint</FullName>
          <Methods />
        </Class>
        <Class skippedDueTo="Filter">
          <FullName>NUnit.Framework.Constraints.SameAsConstraint</FullName>
          <Methods />
        </Class>
        <Class skippedDueTo="Filter">
          <FullName>NUnit.Framework.Constraints.SamePathConstraint</FullName>
          <Methods />
        </Class>
        <Class skippedDueTo="Filter">
          <FullName>NUnit.Framework.Constraints.SamePathOrUnderConstraint</FullName>
          <Methods />
        </Class>
        <Class skippedDueTo="Filter">
          <FullName>NUnit.Framework.Constraints.SomeItemsConstraint</FullName>
          <Methods />
        </Class>
        <Class skippedDueTo="Filter">
          <FullName>NUnit.Framework.Constraints.StartsWithConstraint</FullName>
          <Methods />
        </Class>
        <Class skippedDueTo="Filter">
          <FullName>NUnit.Framework.Constraints.StringConstraint</FullName>
          <Methods />
        </Class>
        <Class skippedDueTo="Filter">
          <FullName>NUnit.Framework.Constraints.SubPathConstraint</FullName>
          <Methods />
        </Class>
        <Class skippedDueTo="Filter">
          <FullName>NUnit.Framework.Constraints.SubstringConstraint</FullName>
          <Methods />
        </Class>
        <Class skippedDueTo="Filter">
          <FullName>NUnit.Framework.Constraints.ThrowsConstraint</FullName>
          <Methods />
        </Class>
        <Class skippedDueTo="Filter">
          <FullName>NUnit.Framework.Constraints.ThrowsConstraint/ThrowsConstraintResult</FullName>
          <Methods />
        </Class>
        <Class skippedDueTo="Filter">
          <FullName>NUnit.Framework.Constraints.ThrowsConstraint/ExceptionInterceptor</FullName>
          <Methods />
        </Class>
        <Class skippedDueTo="Filter">
          <FullName>NUnit.Framework.Constraints.ThrowsConstraint/ExceptionInterceptor/&lt;&gt;c__DisplayClass2_0</FullName>
          <Methods />
        </Class>
        <Class skippedDueTo="Filter">
          <FullName>NUnit.Framework.Constraints.ThrowsConstraint/GenericInvocationDescriptor`1</FullName>
          <Methods />
        </Class>
        <Class skippedDueTo="Filter">
          <FullName>NUnit.Framework.Constraints.ThrowsConstraint/VoidInvocationDescriptor</FullName>
          <Methods />
        </Class>
        <Class skippedDueTo="Filter">
          <FullName>NUnit.Framework.Constraints.ThrowsExceptionConstraint</FullName>
          <Methods />
        </Class>
        <Class skippedDueTo="Filter">
          <FullName>NUnit.Framework.Constraints.ThrowsExceptionConstraint/ThrowsExceptionConstraintResult</FullName>
          <Methods />
        </Class>
        <Class skippedDueTo="Filter">
          <FullName>NUnit.Framework.Constraints.ThrowsExceptionConstraint/&lt;&gt;c__DisplayClass3_0`1</FullName>
          <Methods />
        </Class>
        <Class skippedDueTo="Filter">
          <FullName>NUnit.Framework.Constraints.ThrowsNothingConstraint</FullName>
          <Methods />
        </Class>
        <Class skippedDueTo="Filter">
          <FullName>NUnit.Framework.Constraints.Tolerance</FullName>
          <Methods />
        </Class>
        <Class skippedDueTo="Filter">
          <FullName>NUnit.Framework.Constraints.Tolerance/Range</FullName>
          <Methods />
        </Class>
        <Class skippedDueTo="Filter">
          <FullName>NUnit.Framework.Constraints.TrueConstraint</FullName>
          <Methods />
        </Class>
        <Class skippedDueTo="Filter">
          <FullName>NUnit.Framework.Constraints.TypeConstraint</FullName>
          <Methods />
        </Class>
        <Class skippedDueTo="Filter">
          <FullName>NUnit.Framework.Constraints.UniqueItemsConstraint</FullName>
          <Methods />
        </Class>
        <Class skippedDueTo="Filter">
          <FullName>NUnit.Framework.Constraints.XmlSerializableConstraint</FullName>
          <Methods />
        </Class>
        <Class skippedDueTo="Filter">
          <FullName>NUnit.Framework.Constraints.Comparers.ArraysComparer</FullName>
          <Methods />
        </Class>
        <Class skippedDueTo="Filter">
          <FullName>NUnit.Framework.Constraints.Comparers.CharsComparer</FullName>
          <Methods />
        </Class>
        <Class skippedDueTo="Filter">
          <FullName>NUnit.Framework.Constraints.Comparers.DateTimeOffsetsComparer</FullName>
[...]
          <Methods />
        </Class>
        <Class skippedDueTo="Filter">
          <FullName>Moq.CastleProxyFactory/&lt;&gt;c</FullName>
          <Methods />
        </Class>
        <Class skippedDueTo="Filter">
          <FullName>Moq.ProxyFactory</FullName>
          <Methods />
        </Class>
        <Class skippedDueTo="Filter">
          <FullName>Moq.ReturnsExtensions</FullName>
          <Methods />
        </Class>
        <Class skippedDueTo="Filter">
          <FullName>Moq.ReturnsExtensions/&lt;&gt;c__DisplayClass0_0`2</FullName>
          <Methods />
        </Class>
        <Class skippedDueTo="Filter">
          <FullName>Moq.ReturnsExtensions/&lt;&gt;c__DisplayClass1_0`2</FullName>
          <Methods />
        </Class>
        <Class skippedDueTo="Filter">
          <FullName>Moq.ReturnsExtensions/&lt;&gt;c__DisplayClass2_0`2</FullName>
          <Methods />
        </Class>
        <Class skippedDueTo="Filter">
          <FullName>Moq.ReturnsExtensions/&lt;&gt;c__DisplayClass3_0`2</FullName>
          <Methods />
        </Class>
        <Class skippedDueTo="Filter">
          <FullName>Moq.ReturnsExtensions/&lt;&gt;c__DisplayClass4_0`1</FullName>
          <Methods />
        </Class>
        <Class skippedDueTo="Filter">
          <FullName>Moq.ReturnsExtensions/&lt;&gt;c__DisplayClass5_0`2</FullName>
          <Methods />
        </Class>
        <Class skippedDueTo="Filter">
          <FullName>Moq.ReturnsExtensions/&lt;&gt;c__DisplayClass6_0`2</FullName>
          <Methods />
        </Class>
        <Class skippedDueTo="Filter">
          <FullName>Moq.ReturnsExtensions/&lt;&gt;c__DisplayClass21_0`2</FullName>
          <Methods />
        </Class>
        <Class skippedDueTo="Filter">
          <FullName>Moq.ReturnsExtensions/&lt;&gt;c__DisplayClass22_0`2</FullName>
          <Methods />
        </Class>
        <Class skippedDueTo="Filter">
          <FullName>Moq.ReturnsExtensions/&lt;&gt;c__DisplayClass23_0`2</FullName>
          <Methods />
        </Class>
        <Class skippedDueTo="Filter">
          <FullName>Moq.ReturnsExtensions/&lt;&gt;c__DisplayClass23_1`2</FullName>
          <Methods />
        </Class>
        <Class skippedDueTo="Filter">
          <FullName>Moq.ReturnsExtensions/&lt;&gt;c__DisplayClass24_0`2</FullName>
          <Methods />
        </Class>
        <Class skippedDueTo="Filter">
          <FullName>Moq.ReturnsExtensions/&lt;&gt;c__DisplayClass24_1`2</FullName>
          <Methods />
        </Class>
        <Class skippedDueTo="Filter">
          <FullName>Moq.GeneratedReturnsExtensions</FullName>
          <Methods />
        </Class>
        <Class skippedDueTo="Filter">
          <FullName>Moq.GeneratedReturnsExtensions/&lt;&gt;c__DisplayClass0_0`3</FullName>
          <Methods />
        </Class>
        <Class skippedDueTo="Filter">
          <FullName>Moq.GeneratedReturnsExtensions/&lt;&gt;c__DisplayClass1_0`4</FullName>
          <Methods />
        </Class>
        <Class skippedDueTo="Filter">
          <FullName>Moq.GeneratedReturnsExtensions/&lt;&gt;c__DisplayClass2_0`5</FullName>
          <Methods />
        </Class>
        <Class skippedDueTo="Filter">
          <FullName>Moq.GeneratedReturnsExtensions/&lt;&gt;c__DisplayClass3_0`6</FullName>
          <Methods />
        </Class>
        <Class skippedDueTo="Filter">
          <FullName>Moq.GeneratedReturnsExtensions/&lt;&gt;c__DisplayClass4_0`7</FullName>
          <Methods />
        </Class>
        <Class skippedDueTo="Filter">
          <FullName>Moq.GeneratedReturnsExtensions/&lt;&gt;c__DisplayClass5_0`8</FullName>
          <Methods />
        </Class>
        <Class skippedDueTo="Filter">
          <FullName>Moq.GeneratedReturnsExtensions/&lt;&gt;c__DisplayClass6_0`9</FullName>
          <Methods />
        </Class>
        <Class skippedDueTo="Filter">
          <FullName>Moq.GeneratedReturnsExtensions/&lt;&gt;c__DisplayClass7_0`10</FullName>
          <Methods />
        </Class>
        <Class skippedDueTo="Filter">
          <FullName>Moq.GeneratedReturnsExtensions/&lt;&gt;c__DisplayClass8_0`11</FullName>
          <Methods />
        </Class>
        <Class skippedDueTo="Filter">
          <FullName>Moq.GeneratedReturnsExtensions/&lt;&gt;c__DisplayClass9_0`12</FullName>
          <Methods />
        </Class>
        <Class skippedDueTo="Filter">
          <FullName>Moq.GeneratedReturnsExtensions/&lt;&gt;c__DisplayClass10_0`13</FullName>
          <Methods />
        </Class>
        <Class skippedDueTo="Filter">
          <FullName>Moq.GeneratedReturnsExtensions/&lt;&gt;c__DisplayClass11_0`14</FullName>
          <Methods />
        </Class>
        <Class skippedDueTo="Filter">
          <FullName>Moq.GeneratedReturnsExtensions/&lt;&gt;c__DisplayClass12_0`15</FullName>
          <Methods />
        </Class>
        <Class skippedDueTo="Filter">
          <FullName>Moq.GeneratedReturnsExtensions/&lt;&gt;c__DisplayClass13_0`16</FullName>
          <Methods />
        </Class>
        <Class skippedDueTo="Filter">
          <FullName>Moq.GeneratedReturnsExtensions/&lt;&gt;c__DisplayClass14_0`17</FullName>
          <Methods />
        </Class>
        <Class skippedDueTo="Filter">
          <FullName>Moq.GeneratedReturnsExtensions/&lt;&gt;c__DisplayClass15_0`3</FullName>
          <Methods />
        </Class>
        <Class skippedDueTo="Filter">
          <FullName>Moq.GeneratedReturnsExtensions/&lt;&gt;c__DisplayClass16_0`4</FullName>
          <Methods />
        </Class>
        <Class skippedDueTo="Filter">
          <FullName>Moq.GeneratedReturnsExtensions/&lt;&gt;c__DisplayClass17_0`5</FullName>
          <Methods />
        </Class>
        <Class skippedDueTo="Filter">
          <FullName>Moq.GeneratedReturnsExtensions/&lt;&gt;c__DisplayClass18_0`6</FullName>
          <Methods />
        </Class>
        <Class skippedDueTo="Filter">
          <FullName>Moq.GeneratedReturnsExtensions/&lt;&gt;c__DisplayClass19_0`7</FullName>
          <Methods />
        </Class>
        <Class skippedDueTo="Filter">
          <FullName>Moq.GeneratedReturnsExtensions/&lt;&gt;c__DisplayClass20_0`8</FullName>
          <Methods />
        </Class>
        <Class skippedDueTo="Filter">
          <FullName>Moq.GeneratedReturnsExtensions/&lt;&gt;c__DisplayClass21_0`9</FullName>
          <Methods />
        </Class>
        <Class skippedDueTo="Filter">
          <FullName>Moq.GeneratedReturnsExtensions/&lt;&gt;c__DisplayClass22_0`10</FullName>
          <Methods />
        </Class>
        <Class skippedDueTo="Filter">
          <FullName>Moq.GeneratedReturnsExtensions/&lt;&gt;c__DisplayClass23_0`11</FullName>
          <Methods />
        </Class>
        <Class skippedDueTo="Filter">
          <FullName>Moq.GeneratedReturnsExtensions/&lt;&gt;c__DisplayClass24_0`12</FullName>
          <Methods />
        </Class>
        <Class skippedDueTo="Filter">
          <FullName>Moq.GeneratedReturnsExtensions/&lt;&gt;c__DisplayClass25_0`13</FullName>
          <Methods />
        </Class>
        <Class skippedDueTo="Filter">
          <FullName>Moq.GeneratedReturnsExtensions/&lt;&gt;c__DisplayClass26_0`14</FullName>
          <Methods />
        </Class>
        <Class skippedDueTo="Filter">
          <FullName>Moq.GeneratedReturnsExtensions/&lt;&gt;c__DisplayClass27_0`15</FullName>
          <Methods />
        </Class>
        <Class skippedDueTo="Filter">
          <FullName>Moq.GeneratedReturnsExtensions/&lt;&gt;c__DisplayClass28_0`16</FullName>
          <Methods />
        </Class>
        <Class skippedDueTo="Filter">
          <FullName>Moq.GeneratedReturnsExtensions/&lt;&gt;c__DisplayClass29_0`17</FullName>
          <Methods />
        </Class>
        <Class skippedDueTo="Filter">
          <FullName>Moq.SequenceSetup</FullName>
          <Methods />
        </Class>
        <Class skippedDueTo="Filter">
          <FullName>Moq.Setup</FullName>
          <Methods />
        </Class>
        <Class skippedDueTo="Filter">
          <FullName>Moq.SetupCollection</FullName>
          <Methods />
        </Class>
        <Class skippedDueTo="Filter">
          <FullName>Moq.SetupCollection/&lt;&gt;c__DisplayClass7_0</FullName>
          <Methods />
        </Class>
        <Class skippedDueTo="Filter">
          <FullName>Moq.SetupWithOutParameterSupport</FullName>
          <Methods />
        </Class>
        <Class skippedDueTo="Filter">
          <FullName>Moq.StringBuilderExtensions</FullName>
          <Methods />
        </Class>
        <Class skippedDueTo="Filter">
          <FullName>Moq.Times/&lt;&gt;c__DisplayClass5_0</FullName>
          <Methods />
        </Class>
        <Class skippedDueTo="Filter">
          <FullName>Moq.Times/&lt;&gt;c</FullName>
          <Methods />
        </Class>
        <Class skippedDueTo="Filter">
          <FullName>Moq.Times/&lt;&gt;c__DisplayClass7_0</FullName>
          <Methods />
        </Class>
        <Class skippedDueTo="Filter">
          <FullName>Moq.Times/&lt;&gt;c__DisplayClass9_0</FullName>
          <Methods />
        </Class>
        <Class skippedDueTo="Filter">
          <FullName>Moq.Times/&lt;&gt;c__DisplayClass10_0</FullName>
          <Methods />
        </Class>
        <Class skippedDueTo="Filter">
          <FullName>Moq.Internals.InterfaceProxy</FullName>
          <Methods />
        </Class>
        <Class skippedDueTo="Filter">
          <FullName>Moq.Internals.InterfaceProxy/Invocation</FullName>
          <Methods />
        </Class>
        <Class skippedDueTo="Filter">
          <FullName>Moq.Protected.ItExpr</FullName>
          <Methods />
        </Class>
        <Class skippedDueTo="Filter">
          <FullName>Moq.Protected.ItExpr/Ref`1</FullName>
          <Methods />
        </Class>
        <Class skippedDueTo="Filter">
          <FullName>Moq.Protected.ItExpr/Ref`1/&lt;&gt;c</FullName>
          <Methods />
        </Class>
        <Class skippedDueTo="Filter">
          <FullName>Moq.Protected.ItExpr/&lt;&gt;c__1`1</FullName>
          <Methods />
        </Class>
        <Class skippedDueTo="Filter">
          <FullName>Moq.Protected.ItExpr/&lt;&gt;c__2`1</FullName>
          <Methods />
        </Class>
        <Class skippedDueTo="Filter">
          <FullName>Moq.Protected.ItExpr/&lt;&gt;c__3`1</FullName>
          <Methods />
        </Class>
        <Class skippedDueTo="Filter">
          <FullName>Moq.Protected.ItExpr/&lt;&gt;c__DisplayClass4_0`1</FullName>
          <Methods />
        </Class>
        <Class skippedDueTo="Filter">
          <FullName>Moq.Protected.ItExpr/&lt;&gt;c__DisplayClass5_0</FullName>
          <Methods />
        </Class>
        <Class skippedDueTo="Filter">
          <FullName>Moq.Protected.ItExpr/&lt;&gt;c__DisplayClass6_0</FullName>
          <Methods />
        </Class>
        <Class skippedDueTo="Filter">
          <FullName>Moq.Protected.ProtectedAsMock`2</FullName>
          <Methods />
        </Class>
        <Class skippedDueTo="Filter">
          <FullName>Moq.Protected.ProtectedAsMock`2/DuckReplacer</FullName>
          <Methods />
        </Class>
        <Class skippedDueTo="Filter">
          <FullName>Moq.Protected.ProtectedAsMock`2/DuckReplacer/&lt;&gt;c__DisplayClass6_0</FullName>
          <Methods />
        </Class>
        <Class skippedDueTo="Filter">
          <FullName>Moq.Protected.ProtectedAsMock`2/DuckReplacer/&lt;&gt;c__DisplayClass7_0</FullName>
          <Methods />
        </Class>
        <Class skippedDueTo="Filter">
          <FullName>Moq.Protected.ProtectedExtension</FullName>
          <Methods />
        </Class>
        <Class skippedDueTo="Filter">
          <FullName>Moq.Protected.ProtectedMock`1</FullName>
          <Methods />
        </Class>
        <Class skippedDueTo="Filter">
          <FullName>Moq.Protected.ProtectedMock`1/&lt;&gt;c__DisplayClass18_0</FullName>
          <Methods />
        </Class>
        <Class skippedDueTo="Filter">
          <FullName>Moq.Protected.ProtectedMock`1/&lt;ToExpressionArgs&gt;d__30</FullName>
          <Methods />
        </Class>
        <Class skippedDueTo="Filter">
          <FullName>Moq.Properties.Resources</FullName>
          <Methods />
        </Class>
        <Class skippedDueTo="Filter">
          <FullName>Moq.Matchers.AnyMatcher</FullName>
          <Methods />
        </Class>
        <Class skippedDueTo="Filter">
          <FullName>Moq.Matchers.ConstantMatcher</FullName>
          <Methods />
        </Class>
        <Class skippedDueTo="Filter">
          <FullName>Moq.Matchers.ExpressionMatcher</FullName>
          <Methods />
        </Class>
        <Class skippedDueTo="Filter">
          <FullName>Moq.Matchers.LazyEvalMatcher</FullName>
          <Methods />
        </Class>
        <Class skippedDueTo="Filter">
          <FullName>Moq.Matchers.MatcherAttributeMatcher</FullName>
          <Methods />
        </Class>
        <Class skippedDueTo="Filter">
          <FullName>Moq.Matchers.MatcherAttributeMatcher/&lt;&gt;c__DisplayClass3_0</FullName>
          <Methods />
        </Class>
        <Class skippedDueTo="Filter">
          <FullName>Moq.Matchers.MatcherAttributeMatcher/&lt;&gt;c__DisplayClass3_1</FullName>
          <Methods />
        </Class>
        <Class skippedDueTo="Filter">
          <FullName>Moq.Matchers.MatcherAttributeMatcher/&lt;&gt;c</FullName>
          <Methods />
        </Class>
        <Class skippedDueTo="Filter">
          <FullName>Moq.Matchers.ParamArrayMatcher</FullName>
          <Methods />
        </Class>
        <Class skippedDueTo="Filter">
          <FullName>Moq.Matchers.ParamArrayMatcher/&lt;&gt;c</FullName>
          <Methods />
        </Class>
        <Class skippedDueTo="Filter">
          <FullName>Moq.Matchers.RefMatcher</FullName>
          <Methods />
        </Class>
        <Class skippedDueTo="Filter">
          <FullName>Moq.Matchers.RefMatcher/&lt;&gt;c__DisplayClass1_0</FullName>
          <Methods />
        </Class>
        <Class skippedDueTo="Filter">
          <FullName>Moq.Linq.FluentMockVisitor</FullName>
          <Methods />
        </Class>
        <Class skippedDueTo="Filter">
          <FullName>Moq.Linq.FluentMockVisitor/&lt;&gt;c</FullName>
          <Methods />
        </Class>
        <Class skippedDueTo="Filter">
          <FullName>Moq.Linq.MockQueryable`1</FullName>
          <Methods />
        </Class>
        <Class skippedDueTo="Filter">
          <FullName>Moq.Linq.MockSetupsBuilder</FullName>
          <Methods />
        </Class>
        <Class skippedDueTo="Filter">
          <FullName>Moq.Linq.MockSetupsBuilder/&lt;&gt;c</FullName>
          <Methods />
        </Class>
        <Class skippedDueTo="Filter">
          <FullName>Moq.Language.Flow.NonVoidSetupPhrase`2</FullName>
          <Methods />
        </Class>
        <Class skippedDueTo="Filter">
          <FullName>Moq.Language.Flow.NonVoidSetupPhrase`2/&lt;&gt;c__DisplayClass21_0</FullName>
          <Methods />
        </Class>
        <Class skippedDueTo="Filter">
          <FullName>Moq.Language.Flow.NonVoidSetupPhrase`2/&lt;&gt;c__DisplayClass40_0</FullName>
          <Methods />
        </Class>
        <Class skippedDueTo="Filter">
          <FullName>Moq.Language.Flow.SetterSetupPhrase`2</FullName>
          <Methods />
        </Class>
        <Class skippedDueTo="Filter">
          <FullName>Moq.Language.Flow.SetupPhrase`1</FullName>
          <Methods />
        </Class>
        <Class skippedDueTo="Filter">
          <FullName>Moq.Language.Flow.SetupSequencePhrase</FullName>
          <Methods />
        </Class>
        <Class skippedDueTo="Filter">
          <FullName>Moq.Language.Flow.SetupSequencePhrase`1</FullName>
          <Methods />
        </Class>
        <Class skippedDueTo="Filter">
          <FullName>Moq.Language.Flow.SetupSequencePhrase`1/&lt;&gt;c__DisplayClass4_0</FullName>
          <Methods />
        </Class>
        <Class skippedDueTo="Filter">
          <FullName>Moq.Language.Flow.VoidSetupPhrase`1</FullName>
          <Methods />
        </Class>
        <Class skippedDueTo="Filter">
          <FullName>Moq.Language.Flow.VoidSetupPhrase`1/&lt;&gt;c__DisplayClass1_0</FullName>
          <Methods />
        </Class>
        <Class skippedDueTo="Filter">
          <FullName>Moq.Language.Flow.WhenPhrase`1</FullName>
          <Methods />
        </Class>
      </Classes>
    </Module>
    <Module skippedDueTo="MissingPdb" hash="04-E9-C9-8D-81-2A-18-0D-95-44-41-F4-12-25-FF-D6-EB-6E-D6-0A">
      <ModulePath>C:\Ajith\ProjectManager.Test\bin\Debug\Castle.Core.dll</ModulePath>
      <ModuleTime>2018-06-20T09:37:38Z</ModuleTime>
      <ModuleName>Castle.Core</ModuleName>
      <Classes />
    </Module>
    <Module skippedDueTo="Filter" hash="9C-75-55-9F-AD-D5-06-26-64-CB-04-EC-20-DB-A3-7F-FE-FD-2E-4E">
      <ModulePath>C:\Ajith\ProjectManager.Test\bin\Debug\System.Threading.Tasks.Extensions.dll</ModulePath>
      <ModuleTime>2016-11-04T23:27:24Z</ModuleTime>
      <ModuleName>System.Threading.Tasks.Extensions</ModuleName>
      <Classes />
    </Module>
    <Module skippedDueTo="Filter" hash="F1-67-10-FE-CA-06-2B-45-18-C0-DB-E8-DB-07-A4-7E-5B-25-BD-51">
      <ModulePath>C:\WINDOWS\Microsoft.Net\assembly\GAC_MSIL\System.Runtime\v4.0_4.0.0.0__b03f5f7f11d50a3a\System.Runtime.dll</ModulePath>
      <ModuleTime>2018-04-11T23:35:18.1697369Z</ModuleTime>
      <ModuleName>System.Runtime</ModuleName>
      <Classes />
    </Module>
    <Module skippedDueTo="Filter" hash="A1-EF-AE-EF-F6-7F-A8-E1-6A-92-21-98-48-E4-0F-17-08-CE-17-AF">
      <ModulePath>C:\WINDOWS\Microsoft.Net\assembly\GAC_MSIL\System.ValueTuple\v4.0_4.0.0.0__cc7b13ffcd2ddd51\System.ValueTuple.dll</ModulePath>
      <ModuleTime>2018-04-11T23:35:18.2634939Z</ModuleTime>
      <ModuleName>System.ValueTuple</ModuleName>
      <Classes />
    </Module>
    <Module skippedDueTo="MissingPdb" hash="">
      <ModulePath>RefEmit_InMemoryManifestModule</ModulePath>
      <ModuleTime>0001-01-01T00:00:00</ModuleTime>
      <ModuleName>DynamicProxyGenAssembly2</ModuleName>
      <Classes />
    </Module>
    <Module skippedDueTo="MissingPdb" hash="">
      <ModulePath>RefEmit_InMemoryManifestModule</ModulePath>
      <ModuleTime>0001-01-01T00:00:00</ModuleTime>
      <ModuleName>DynamicProxyGenAssembly2</ModuleName>
      <Classes />
    </Module>
    <Module skippedDueTo="Filter" hash="55-E6-0F-BC-FB-88-00-64-B5-26-5E-5F-B2-09-55-23-6E-AD-51-0E">
      <ModulePath>C:\WINDOWS\Microsoft.Net\assembly\GAC_64\System.Transactions\v4.0_4.0.0.0__b77a5c561934e089\System.Transactions.dll</ModulePath>
      <ModuleTime>2018-04-11T23:35:17.0602785Z</ModuleTime>
      <ModuleName>System.Transactions</ModuleName>
      <Classes />
    </Module>
    <Module skippedDueTo="Filter" hash="CB-9A-69-FA-E9-A7-1D-79-EC-E4-45-7B-80-24-5F-0E-56-96-EA-D4">
      <ModulePath>C:\WINDOWS\Microsoft.Net\assembly\GAC_MSIL\System.Numerics\v4.0_4.0.0.0__b77a5c561934e089\System.Numerics.dll</ModulePath>
      <ModuleTime>2018-04-11T23:35:17.0446523Z</ModuleTime>
      <ModuleName>System.Numerics</ModuleName>
      <Classes />
    </Module>
    <Module skippedDueTo="Filter" hash="95-F0-AA-F5-C0-C4-8B-74-AE-85-F5-18-0A-19-CB-9D-F7-9E-AC-2D">
      <ModulePath>C:\WINDOWS\Microsoft.Net\assembly\GAC_64\System.Data.OracleClient\v4.0_4.0.0.0__b77a5c561934e089\System.Data.OracleClient.dll</ModulePath>
      <ModuleTime>2018-04-11T23:35:19.7011011Z</ModuleTime>
      <ModuleName>System.Data.OracleClient</ModuleName>
      <Classes />
    </Module>
    <Module skippedDueTo="Filter" hash="EE-87-E3-8B-35-D7-7B-51-75-59-60-AC-9C-42-7D-75-33-40-43-72">
      <ModulePath>C:\WINDOWS\Microsoft.Net\assembly\GAC_MSIL\System.Xml.Linq\v4.0_4.0.0.0__b77a5c561934e089\System.Xml.Linq.dll</ModulePath>
      <ModuleTime>2018-04-11T23:35:18.3885028Z</ModuleTime>
      <ModuleName>System.Xml.Linq</ModuleName>
      <Classes />
    </Module>
  </Modules>
</CoverageSession>